Determining if the function GetProcessAffinityMask exists failed with the following output:
Change Dir: /home/tfrignac/git/hevc-encryption/build/CMakeFiles/CMakeTmp

Run Build Command:"/usr/bin/make" "cmTC_2d58f/fast"
/usr/bin/make -f CMakeFiles/cmTC_2d58f.dir/build.make CMakeFiles/cmTC_2d58f.dir/build
make[1] : on entre dans le répertoire « /home/tfrignac/git/hevc-encryption/build/CMakeFiles/CMakeTmp »
Building C object CMakeFiles/cmTC_2d58f.dir/CheckFunctionExists.c.o
/usr/bin/cc    -DCHECK_FUNCTION_EXISTS=GetProcessAffinityMask   -o CMakeFiles/cmTC_2d58f.dir/CheckFunctionExists.c.o   -c /usr/share/cmake-3.5/Modules/CheckFunctionExists.c
Linking C executable cmTC_2d58f
/usr/bin/cmake -E cmake_link_script CMakeFiles/cmTC_2d58f.dir/link.txt --verbose=1
/usr/bin/cc   -DCHECK_FUNCTION_EXISTS=GetProcessAffinityMask    CMakeFiles/cmTC_2d58f.dir/CheckFunctionExists.c.o  -o cmTC_2d58f -rdynamic 
CMakeFiles/cmTC_2d58f.dir/CheckFunctionExists.c.o : Dans la fonction « main » :
CheckFunctionExists.c:(.text+0x15) : référence indéfinie vers « GetProcessAffinityMask »
collect2: error: ld returned 1 exit status
CMakeFiles/cmTC_2d58f.dir/build.make:97 : la recette pour la cible « cmTC_2d58f » a échouée
make[1]: *** [cmTC_2d58f] Erreur 1
make[1] : on quitte le répertoire « /home/tfrignac/git/hevc-encryption/build/CMakeFiles/CMakeTmp »
Makefile:126 : la recette pour la cible « cmTC_2d58f/fast » a échouée
make: *** [cmTC_2d58f/fast] Erreur 2


Determining if files windows.h exist failed with the following output:
Change Dir: /home/tfrignac/git/hevc-encryption/build/CMakeFiles/CMakeTmp

Run Build Command:"/usr/bin/make" "cmTC_a937c/fast"
/usr/bin/make -f CMakeFiles/cmTC_a937c.dir/build.make CMakeFiles/cmTC_a937c.dir/build
make[1] : on entre dans le répertoire « /home/tfrignac/git/hevc-encryption/build/CMakeFiles/CMakeTmp »
Building C object CMakeFiles/cmTC_a937c.dir/CheckIncludeFiles.c.o
/usr/bin/cc     -o CMakeFiles/cmTC_a937c.dir/CheckIncludeFiles.c.o   -c /home/tfrignac/git/hevc-encryption/build/CMakeFiles/CMakeTmp/CheckIncludeFiles.c
/home/tfrignac/git/hevc-encryption/build/CMakeFiles/CMakeTmp/CheckIncludeFiles.c:2:21: fatal error: windows.h: Aucun fichier ou dossier de ce type
compilation terminated.
CMakeFiles/cmTC_a937c.dir/build.make:65 : la recette pour la cible « CMakeFiles/cmTC_a937c.dir/CheckIncludeFiles.c.o » a échouée
make[1]: *** [CMakeFiles/cmTC_a937c.dir/CheckIncludeFiles.c.o] Erreur 1
make[1] : on quitte le répertoire « /home/tfrignac/git/hevc-encryption/build/CMakeFiles/CMakeTmp »
Makefile:126 : la recette pour la cible « cmTC_a937c/fast » a échouée
make: *** [cmTC_a937c/fast] Erreur 2

Source:
/* */
#include <windows.h>


int main(void){return 0;}

Determining if the pthread_create exist failed with the following output:
Change Dir: /home/tfrignac/git/hevc-encryption/build/CMakeFiles/CMakeTmp

Run Build Command:"/usr/bin/make" "cmTC_e1722/fast"
/usr/bin/make -f CMakeFiles/cmTC_e1722.dir/build.make CMakeFiles/cmTC_e1722.dir/build
make[1] : on entre dans le répertoire « /home/tfrignac/git/hevc-encryption/build/CMakeFiles/CMakeTmp »
Building C object CMakeFiles/cmTC_e1722.dir/CheckSymbolExists.c.o
/usr/bin/cc    -Wl,-Bsymbolic -fdiagnostics-color -march=sandybridge -msse2 -msse2 -msse3 -msse3 -mssse3 -mssse3 -msse4.1 -msse4.1 -msse4.2 -msse4.2 -mavx -mavx -msse2avx -msse2avx -mno-sse4a -mno-xop -mno-fma4 -mno-avx2 -fpic -fno-tree-vectorize    -o CMakeFiles/cmTC_e1722.dir/CheckSymbolExists.c.o   -c /home/tfrignac/git/hevc-encryption/build/CMakeFiles/CMakeTmp/CheckSymbolExists.c
Linking C executable cmTC_e1722
/usr/bin/cmake -E cmake_link_script CMakeFiles/cmTC_e1722.dir/link.txt --verbose=1
/usr/bin/cc   -Wl,-Bsymbolic -fdiagnostics-color -march=sandybridge -msse2 -msse2 -msse3 -msse3 -mssse3 -mssse3 -msse4.1 -msse4.1 -msse4.2 -msse4.2 -mavx -mavx -msse2avx -msse2avx -mno-sse4a -mno-xop -mno-fma4 -mno-avx2 -fpic -fno-tree-vectorize     CMakeFiles/cmTC_e1722.dir/CheckSymbolExists.c.o  -o cmTC_e1722 -rdynamic 
CMakeFiles/cmTC_e1722.dir/CheckSymbolExists.c.o : Dans la fonction « main » :
CheckSymbolExists.c:(.text+0x1b) : référence indéfinie vers « pthread_create »
collect2: error: ld returned 1 exit status
CMakeFiles/cmTC_e1722.dir/build.make:97 : la recette pour la cible « cmTC_e1722 » a échouée
make[1]: *** [cmTC_e1722] Erreur 1
make[1] : on quitte le répertoire « /home/tfrignac/git/hevc-encryption/build/CMakeFiles/CMakeTmp »
Makefile:126 : la recette pour la cible « cmTC_e1722/fast » a échouée
make: *** [cmTC_e1722/fast] Erreur 2

File /home/tfrignac/git/hevc-encryption/build/CMakeFiles/CMakeTmp/CheckSymbolExists.c:
/* */
#include <pthread.h>

int main(int argc, char** argv)
{
  (void)argv;
#ifndef pthread_create
  return ((int*)(&pthread_create))[argc];
#else
  (void)argc;
  return 0;
#endif
}

Determining if the function pthread_create exists in the pthreads failed with the following output:
Change Dir: /home/tfrignac/git/hevc-encryption/build/CMakeFiles/CMakeTmp

Run Build Command:"/usr/bin/make" "cmTC_a8a95/fast"
/usr/bin/make -f CMakeFiles/cmTC_a8a95.dir/build.make CMakeFiles/cmTC_a8a95.dir/build
make[1] : on entre dans le répertoire « /home/tfrignac/git/hevc-encryption/build/CMakeFiles/CMakeTmp »
Building C object CMakeFiles/cmTC_a8a95.dir/CheckFunctionExists.c.o
/usr/bin/cc    -Wl,-Bsymbolic -fdiagnostics-color -march=sandybridge -msse2 -msse2 -msse3 -msse3 -mssse3 -mssse3 -msse4.1 -msse4.1 -msse4.2 -msse4.2 -mavx -mavx -msse2avx -msse2avx -mno-sse4a -mno-xop -mno-fma4 -mno-avx2 -fpic -fno-tree-vectorize -DCHECK_FUNCTION_EXISTS=pthread_create   -o CMakeFiles/cmTC_a8a95.dir/CheckFunctionExists.c.o   -c /usr/share/cmake-3.5/Modules/CheckFunctionExists.c
Linking C executable cmTC_a8a95
/usr/bin/cmake -E cmake_link_script CMakeFiles/cmTC_a8a95.dir/link.txt --verbose=1
/usr/bin/cc   -Wl,-Bsymbolic -fdiagnostics-color -march=sandybridge -msse2 -msse2 -msse3 -msse3 -mssse3 -mssse3 -msse4.1 -msse4.1 -msse4.2 -msse4.2 -mavx -mavx -msse2avx -msse2avx -mno-sse4a -mno-xop -mno-fma4 -mno-avx2 -fpic -fno-tree-vectorize -DCHECK_FUNCTION_EXISTS=pthread_create    CMakeFiles/cmTC_a8a95.dir/CheckFunctionExists.c.o  -o cmTC_a8a95 -rdynamic -lpthreads 
/usr/bin/ld : ne peut trouver -lpthreads
collect2: error: ld returned 1 exit status
CMakeFiles/cmTC_a8a95.dir/build.make:97 : la recette pour la cible « cmTC_a8a95 » a échouée
make[1]: *** [cmTC_a8a95] Erreur 1
make[1] : on quitte le répertoire « /home/tfrignac/git/hevc-encryption/build/CMakeFiles/CMakeTmp »
Makefile:126 : la recette pour la cible « cmTC_a8a95/fast » a échouée
make: *** [cmTC_a8a95/fast] Erreur 2


