The system is: Linux - 4.8.0-56-generic - x86_64
Compiling the C compiler identification source file "CMakeCCompilerId.c" succeeded.
Compiler: /usr/bin/cc 
Build flags: 
Id flags: 

The output was:
0


Compilation of the C compiler identification source "CMakeCCompilerId.c" produced "a.out"

The C compiler identification is GNU, found in "/home/tfrignac/git/openHEVC/build/CMakeFiles/3.5.1/CompilerIdC/a.out"

Compiling the CXX compiler identification source file "CMakeCXXCompilerId.cpp" succeeded.
Compiler: /usr/bin/c++ 
Build flags: 
Id flags: 

The output was:
0


Compilation of the CXX compiler identification source "CMakeCXXCompilerId.cpp" produced "a.out"

The CXX compiler identification is GNU, found in "/home/tfrignac/git/openHEVC/build/CMakeFiles/3.5.1/CompilerIdCXX/a.out"

Determining if the C compiler works passed with the following output:
Change Dir: /home/tfrignac/git/openHEVC/build/CMakeFiles/CMakeTmp

Run Build Command:"/usr/bin/make" "cmTC_97b62/fast"
/usr/bin/make -f CMakeFiles/cmTC_97b62.dir/build.make CMakeFiles/cmTC_97b62.dir/build
make[1] : on entre dans le répertoire « /home/tfrignac/git/openHEVC/build/CMakeFiles/CMakeTmp »
Building C object CMakeFiles/cmTC_97b62.dir/testCCompiler.c.o
/usr/bin/cc     -o CMakeFiles/cmTC_97b62.dir/testCCompiler.c.o   -c /home/tfrignac/git/openHEVC/build/CMakeFiles/CMakeTmp/testCCompiler.c
Linking C executable cmTC_97b62
/usr/bin/cmake -E cmake_link_script CMakeFiles/cmTC_97b62.dir/link.txt --verbose=1
/usr/bin/cc       CMakeFiles/cmTC_97b62.dir/testCCompiler.c.o  -o cmTC_97b62 -rdynamic 
make[1] : on quitte le répertoire « /home/tfrignac/git/openHEVC/build/CMakeFiles/CMakeTmp »


Detecting C compiler ABI info compiled with the following output:
Change Dir: /home/tfrignac/git/openHEVC/build/CMakeFiles/CMakeTmp

Run Build Command:"/usr/bin/make" "cmTC_c9230/fast"
/usr/bin/make -f CMakeFiles/cmTC_c9230.dir/build.make CMakeFiles/cmTC_c9230.dir/build
make[1] : on entre dans le répertoire « /home/tfrignac/git/openHEVC/build/CMakeFiles/CMakeTmp »
Building C object CMakeFiles/cmTC_c9230.dir/CMakeCCompilerABI.c.o
/usr/bin/cc     -o CMakeFiles/cmTC_c9230.dir/CMakeCCompilerABI.c.o   -c /usr/share/cmake-3.5/Modules/CMakeCCompilerABI.c
Linking C executable cmTC_c9230
/usr/bin/cmake -E cmake_link_script CMakeFiles/cmTC_c9230.dir/link.txt --verbose=1
/usr/bin/cc      -v CMakeFiles/cmTC_c9230.dir/CMakeCCompilerABI.c.o  -o cmTC_c9230 -rdynamic  
Using built-in specs.
COLLECT_GCC=/usr/bin/cc
COLLECT_LTO_WRAPPER=/usr/lib/gcc/x86_64-linux-gnu/5/lto-wrapper
Target: x86_64-linux-gnu
Configured with: ../src/configure -v --with-pkgversion='Ubuntu 5.4.0-6ubuntu1~16.04.4' --with-bugurl=file:///usr/share/doc/gcc-5/README.Bugs --enable-languages=c,ada,c++,java,go,d,fortran,objc,obj-c++ --prefix=/usr --program-suffix=-5 --enable-shared --enable-linker-build-id --libexecdir=/usr/lib --without-included-gettext --enable-threads=posix --libdir=/usr/lib --enable-nls --with-sysroot=/ --enable-clocale=gnu --enable-libstdcxx-debug --enable-libstdcxx-time=yes --with-default-libstdcxx-abi=new --enable-gnu-unique-object --disable-vtable-verify --enable-libmpx --enable-plugin --with-system-zlib --disable-browser-plugin --enable-java-awt=gtk --enable-gtk-cairo --with-java-home=/usr/lib/jvm/java-1.5.0-gcj-5-amd64/jre --enable-java-home --with-jvm-root-dir=/usr/lib/jvm/java-1.5.0-gcj-5-amd64 --with-jvm-jar-dir=/usr/lib/jvm-exports/java-1.5.0-gcj-5-amd64 --with-arch-directory=amd64 --with-ecj-jar=/usr/share/java/eclipse-ecj.jar --enable-objc-gc --enable-multiarch --disable-werror --with-arch-32=i686 --with-abi=m64 --with-multilib-list=m32,m64,mx32 --enable-multilib --with-tune=generic --enable-checking=release --build=x86_64-linux-gnu --host=x86_64-linux-gnu --target=x86_64-linux-gnu
Thread model: posix
gcc version 5.4.0 20160609 (Ubuntu 5.4.0-6ubuntu1~16.04.4) 
COMPILER_PATH=/usr/lib/gcc/x86_64-linux-gnu/5/:/usr/lib/gcc/x86_64-linux-gnu/5/:/usr/lib/gcc/x86_64-linux-gnu/:/usr/lib/gcc/x86_64-linux-gnu/5/:/usr/lib/gcc/x86_64-linux-gnu/
LIBRARY_PATH=/usr/lib/gcc/x86_64-linux-gnu/5/:/usr/lib/gcc/x86_64-linux-gnu/5/../../../x86_64-linux-gnu/:/usr/lib/gcc/x86_64-linux-gnu/5/../../../../lib/:/lib/x86_64-linux-gnu/:/lib/../lib/:/usr/lib/x86_64-linux-gnu/:/usr/lib/../lib/:/usr/lib/gcc/x86_64-linux-gnu/5/../../../:/lib/:/usr/lib/
COLLECT_GCC_OPTIONS='-v' '-o' 'cmTC_c9230' '-rdynamic' '-mtune=generic' '-march=x86-64'
 /usr/lib/gcc/x86_64-linux-gnu/5/collect2 -plugin /usr/lib/gcc/x86_64-linux-gnu/5/liblto_plugin.so -plugin-opt=/usr/lib/gcc/x86_64-linux-gnu/5/lto-wrapper -plugin-opt=-fresolution=/tmp/ccOcy750.res -plugin-opt=-pass-through=-lgcc -plugin-opt=-pass-through=-lgcc_s -plugin-opt=-pass-through=-lc -plugin-opt=-pass-through=-lgcc -plugin-opt=-pass-through=-lgcc_s --sysroot=/ --build-id --eh-frame-hdr -m elf_x86_64 --hash-style=gnu --as-needed -export-dynamic -dynamic-linker /lib64/ld-linux-x86-64.so.2 -z relro -o cmTC_c9230 /usr/lib/gcc/x86_64-linux-gnu/5/../../../x86_64-linux-gnu/crt1.o /usr/lib/gcc/x86_64-linux-gnu/5/../../../x86_64-linux-gnu/crti.o /usr/lib/gcc/x86_64-linux-gnu/5/crtbegin.o -L/usr/lib/gcc/x86_64-linux-gnu/5 -L/usr/lib/gcc/x86_64-linux-gnu/5/../../../x86_64-linux-gnu -L/usr/lib/gcc/x86_64-linux-gnu/5/../../../../lib -L/lib/x86_64-linux-gnu -L/lib/../lib -L/usr/lib/x86_64-linux-gnu -L/usr/lib/../lib -L/usr/lib/gcc/x86_64-linux-gnu/5/../../.. CMakeFiles/cmTC_c9230.dir/CMakeCCompilerABI.c.o -lgcc --as-needed -lgcc_s --no-as-needed -lc -lgcc --as-needed -lgcc_s --no-as-needed /usr/lib/gcc/x86_64-linux-gnu/5/crtend.o /usr/lib/gcc/x86_64-linux-gnu/5/../../../x86_64-linux-gnu/crtn.o
make[1] : on quitte le répertoire « /home/tfrignac/git/openHEVC/build/CMakeFiles/CMakeTmp »


Parsed C implicit link information from above output:
  link line regex: [^( *|.*[/\])(ld|([^/\]+-)?ld|collect2)[^/\]*( |$)]
  ignore line: [Change Dir: /home/tfrignac/git/openHEVC/build/CMakeFiles/CMakeTmp]
  ignore line: []
  ignore line: [Run Build Command:"/usr/bin/make" "cmTC_c9230/fast"]
  ignore line: [/usr/bin/make -f CMakeFiles/cmTC_c9230.dir/build.make CMakeFiles/cmTC_c9230.dir/build]
  ignore line: [make[1] : on entre dans le répertoire « /home/tfrignac/git/openHEVC/build/CMakeFiles/CMakeTmp »]
  ignore line: [Building C object CMakeFiles/cmTC_c9230.dir/CMakeCCompilerABI.c.o]
  ignore line: [/usr/bin/cc     -o CMakeFiles/cmTC_c9230.dir/CMakeCCompilerABI.c.o   -c /usr/share/cmake-3.5/Modules/CMakeCCompilerABI.c]
  ignore line: [Linking C executable cmTC_c9230]
  ignore line: [/usr/bin/cmake -E cmake_link_script CMakeFiles/cmTC_c9230.dir/link.txt --verbose=1]
  ignore line: [/usr/bin/cc      -v CMakeFiles/cmTC_c9230.dir/CMakeCCompilerABI.c.o  -o cmTC_c9230 -rdynamic  ]
  ignore line: [Using built-in specs.]
  ignore line: [COLLECT_GCC=/usr/bin/cc]
  ignore line: [COLLECT_LTO_WRAPPER=/usr/lib/gcc/x86_64-linux-gnu/5/lto-wrapper]
  ignore line: [Target: x86_64-linux-gnu]
  ignore line: [Configured with: ../src/configure -v --with-pkgversion='Ubuntu 5.4.0-6ubuntu1~16.04.4' --with-bugurl=file:///usr/share/doc/gcc-5/README.Bugs --enable-languages=c,ada,c++,java,go,d,fortran,objc,obj-c++ --prefix=/usr --program-suffix=-5 --enable-shared --enable-linker-build-id --libexecdir=/usr/lib --without-included-gettext --enable-threads=posix --libdir=/usr/lib --enable-nls --with-sysroot=/ --enable-clocale=gnu --enable-libstdcxx-debug --enable-libstdcxx-time=yes --with-default-libstdcxx-abi=new --enable-gnu-unique-object --disable-vtable-verify --enable-libmpx --enable-plugin --with-system-zlib --disable-browser-plugin --enable-java-awt=gtk --enable-gtk-cairo --with-java-home=/usr/lib/jvm/java-1.5.0-gcj-5-amd64/jre --enable-java-home --with-jvm-root-dir=/usr/lib/jvm/java-1.5.0-gcj-5-amd64 --with-jvm-jar-dir=/usr/lib/jvm-exports/java-1.5.0-gcj-5-amd64 --with-arch-directory=amd64 --with-ecj-jar=/usr/share/java/eclipse-ecj.jar --enable-objc-gc --enable-multiarch --disable-werror --with-arch-32=i686 --with-abi=m64 --with-multilib-list=m32,m64,mx32 --enable-multilib --with-tune=generic --enable-checking=release --build=x86_64-linux-gnu --host=x86_64-linux-gnu --target=x86_64-linux-gnu]
  ignore line: [Thread model: posix]
  ignore line: [gcc version 5.4.0 20160609 (Ubuntu 5.4.0-6ubuntu1~16.04.4) ]
  ignore line: [COMPILER_PATH=/usr/lib/gcc/x86_64-linux-gnu/5/:/usr/lib/gcc/x86_64-linux-gnu/5/:/usr/lib/gcc/x86_64-linux-gnu/:/usr/lib/gcc/x86_64-linux-gnu/5/:/usr/lib/gcc/x86_64-linux-gnu/]
  ignore line: [LIBRARY_PATH=/usr/lib/gcc/x86_64-linux-gnu/5/:/usr/lib/gcc/x86_64-linux-gnu/5/../../../x86_64-linux-gnu/:/usr/lib/gcc/x86_64-linux-gnu/5/../../../../lib/:/lib/x86_64-linux-gnu/:/lib/../lib/:/usr/lib/x86_64-linux-gnu/:/usr/lib/../lib/:/usr/lib/gcc/x86_64-linux-gnu/5/../../../:/lib/:/usr/lib/]
  ignore line: [COLLECT_GCC_OPTIONS='-v' '-o' 'cmTC_c9230' '-rdynamic' '-mtune=generic' '-march=x86-64']
  link line: [ /usr/lib/gcc/x86_64-linux-gnu/5/collect2 -plugin /usr/lib/gcc/x86_64-linux-gnu/5/liblto_plugin.so -plugin-opt=/usr/lib/gcc/x86_64-linux-gnu/5/lto-wrapper -plugin-opt=-fresolution=/tmp/ccOcy750.res -plugin-opt=-pass-through=-lgcc -plugin-opt=-pass-through=-lgcc_s -plugin-opt=-pass-through=-lc -plugin-opt=-pass-through=-lgcc -plugin-opt=-pass-through=-lgcc_s --sysroot=/ --build-id --eh-frame-hdr -m elf_x86_64 --hash-style=gnu --as-needed -export-dynamic -dynamic-linker /lib64/ld-linux-x86-64.so.2 -z relro -o cmTC_c9230 /usr/lib/gcc/x86_64-linux-gnu/5/../../../x86_64-linux-gnu/crt1.o /usr/lib/gcc/x86_64-linux-gnu/5/../../../x86_64-linux-gnu/crti.o /usr/lib/gcc/x86_64-linux-gnu/5/crtbegin.o -L/usr/lib/gcc/x86_64-linux-gnu/5 -L/usr/lib/gcc/x86_64-linux-gnu/5/../../../x86_64-linux-gnu -L/usr/lib/gcc/x86_64-linux-gnu/5/../../../../lib -L/lib/x86_64-linux-gnu -L/lib/../lib -L/usr/lib/x86_64-linux-gnu -L/usr/lib/../lib -L/usr/lib/gcc/x86_64-linux-gnu/5/../../.. CMakeFiles/cmTC_c9230.dir/CMakeCCompilerABI.c.o -lgcc --as-needed -lgcc_s --no-as-needed -lc -lgcc --as-needed -lgcc_s --no-as-needed /usr/lib/gcc/x86_64-linux-gnu/5/crtend.o /usr/lib/gcc/x86_64-linux-gnu/5/../../../x86_64-linux-gnu/crtn.o]
    arg [/usr/lib/gcc/x86_64-linux-gnu/5/collect2] ==> ignore
    arg [-plugin] ==> ignore
    arg [/usr/lib/gcc/x86_64-linux-gnu/5/liblto_plugin.so] ==> ignore
    arg [-plugin-opt=/usr/lib/gcc/x86_64-linux-gnu/5/lto-wrapper] ==> ignore
    arg [-plugin-opt=-fresolution=/tmp/ccOcy750.res] ==> ignore
    arg [-plugin-opt=-pass-through=-lgcc] ==> ignore
    arg [-plugin-opt=-pass-through=-lgcc_s] ==> ignore
    arg [-plugin-opt=-pass-through=-lc] ==> ignore
    arg [-plugin-opt=-pass-through=-lgcc] ==> ignore
    arg [-plugin-opt=-pass-through=-lgcc_s] ==> ignore
    arg [--sysroot=/] ==> ignore
    arg [--build-id] ==> ignore
    arg [--eh-frame-hdr] ==> ignore
    arg [-m] ==> ignore
    arg [elf_x86_64] ==> ignore
    arg [--hash-style=gnu] ==> ignore
    arg [--as-needed] ==> ignore
    arg [-export-dynamic] ==> ignore
    arg [-dynamic-linker] ==> ignore
    arg [/lib64/ld-linux-x86-64.so.2] ==> ignore
    arg [-zrelro] ==> ignore
    arg [-o] ==> ignore
    arg [cmTC_c9230] ==> ignore
    arg [/usr/lib/gcc/x86_64-linux-gnu/5/../../../x86_64-linux-gnu/crt1.o] ==> ignore
    arg [/usr/lib/gcc/x86_64-linux-gnu/5/../../../x86_64-linux-gnu/crti.o] ==> ignore
    arg [/usr/lib/gcc/x86_64-linux-gnu/5/crtbegin.o] ==> ignore
    arg [-L/usr/lib/gcc/x86_64-linux-gnu/5] ==> dir [/usr/lib/gcc/x86_64-linux-gnu/5]
    arg [-L/usr/lib/gcc/x86_64-linux-gnu/5/../../../x86_64-linux-gnu] ==> dir [/usr/lib/gcc/x86_64-linux-gnu/5/../../../x86_64-linux-gnu]
    arg [-L/usr/lib/gcc/x86_64-linux-gnu/5/../../../../lib] ==> dir [/usr/lib/gcc/x86_64-linux-gnu/5/../../../../lib]
    arg [-L/lib/x86_64-linux-gnu] ==> dir [/lib/x86_64-linux-gnu]
    arg [-L/lib/../lib] ==> dir [/lib/../lib]
    arg [-L/usr/lib/x86_64-linux-gnu] ==> dir [/usr/lib/x86_64-linux-gnu]
    arg [-L/usr/lib/../lib] ==> dir [/usr/lib/../lib]
    arg [-L/usr/lib/gcc/x86_64-linux-gnu/5/../../..] ==> dir [/usr/lib/gcc/x86_64-linux-gnu/5/../../..]
    arg [CMakeFiles/cmTC_c9230.dir/CMakeCCompilerABI.c.o] ==> ignore
    arg [-lgcc] ==> lib [gcc]
    arg [--as-needed] ==> ignore
    arg [-lgcc_s] ==> lib [gcc_s]
    arg [--no-as-needed] ==> ignore
    arg [-lc] ==> lib [c]
    arg [-lgcc] ==> lib [gcc]
    arg [--as-needed] ==> ignore
    arg [-lgcc_s] ==> lib [gcc_s]
    arg [--no-as-needed] ==> ignore
    arg [/usr/lib/gcc/x86_64-linux-gnu/5/crtend.o] ==> ignore
    arg [/usr/lib/gcc/x86_64-linux-gnu/5/../../../x86_64-linux-gnu/crtn.o] ==> ignore
  remove lib [gcc]
  remove lib [gcc_s]
  remove lib [gcc]
  remove lib [gcc_s]
  collapse library dir [/usr/lib/gcc/x86_64-linux-gnu/5] ==> [/usr/lib/gcc/x86_64-linux-gnu/5]
  collapse library dir [/usr/lib/gcc/x86_64-linux-gnu/5/../../../x86_64-linux-gnu] ==> [/usr/lib/x86_64-linux-gnu]
  collapse library dir [/usr/lib/gcc/x86_64-linux-gnu/5/../../../../lib] ==> [/usr/lib]
  collapse library dir [/lib/x86_64-linux-gnu] ==> [/lib/x86_64-linux-gnu]
  collapse library dir [/lib/../lib] ==> [/lib]
  collapse library dir [/usr/lib/x86_64-linux-gnu] ==> [/usr/lib/x86_64-linux-gnu]
  collapse library dir [/usr/lib/../lib] ==> [/usr/lib]
  collapse library dir [/usr/lib/gcc/x86_64-linux-gnu/5/../../..] ==> [/usr/lib]
  implicit libs: [c]
  implicit dirs: [/usr/lib/gcc/x86_64-linux-gnu/5;/usr/lib/x86_64-linux-gnu;/usr/lib;/lib/x86_64-linux-gnu;/lib]
  implicit fwks: []




Detecting C [-std=c11] compiler features compiled with the following output:
Change Dir: /home/tfrignac/git/openHEVC/build/CMakeFiles/CMakeTmp

Run Build Command:"/usr/bin/make" "cmTC_e4de3/fast"
/usr/bin/make -f CMakeFiles/cmTC_e4de3.dir/build.make CMakeFiles/cmTC_e4de3.dir/build
make[1] : on entre dans le répertoire « /home/tfrignac/git/openHEVC/build/CMakeFiles/CMakeTmp »
Building C object CMakeFiles/cmTC_e4de3.dir/feature_tests.c.o
/usr/bin/cc    -std=c11 -o CMakeFiles/cmTC_e4de3.dir/feature_tests.c.o   -c /home/tfrignac/git/openHEVC/build/CMakeFiles/feature_tests.c
Linking C executable cmTC_e4de3
/usr/bin/cmake -E cmake_link_script CMakeFiles/cmTC_e4de3.dir/link.txt --verbose=1
/usr/bin/cc       CMakeFiles/cmTC_e4de3.dir/feature_tests.c.o  -o cmTC_e4de3 -rdynamic 
make[1] : on quitte le répertoire « /home/tfrignac/git/openHEVC/build/CMakeFiles/CMakeTmp »


    Feature record: C_FEATURE:1c_function_prototypes
    Feature record: C_FEATURE:1c_restrict
    Feature record: C_FEATURE:1c_static_assert
    Feature record: C_FEATURE:1c_variadic_macros


Detecting C [-std=c99] compiler features compiled with the following output:
Change Dir: /home/tfrignac/git/openHEVC/build/CMakeFiles/CMakeTmp

Run Build Command:"/usr/bin/make" "cmTC_729da/fast"
/usr/bin/make -f CMakeFiles/cmTC_729da.dir/build.make CMakeFiles/cmTC_729da.dir/build
make[1] : on entre dans le répertoire « /home/tfrignac/git/openHEVC/build/CMakeFiles/CMakeTmp »
Building C object CMakeFiles/cmTC_729da.dir/feature_tests.c.o
/usr/bin/cc    -std=c99 -o CMakeFiles/cmTC_729da.dir/feature_tests.c.o   -c /home/tfrignac/git/openHEVC/build/CMakeFiles/feature_tests.c
Linking C executable cmTC_729da
/usr/bin/cmake -E cmake_link_script CMakeFiles/cmTC_729da.dir/link.txt --verbose=1
/usr/bin/cc       CMakeFiles/cmTC_729da.dir/feature_tests.c.o  -o cmTC_729da -rdynamic 
make[1] : on quitte le répertoire « /home/tfrignac/git/openHEVC/build/CMakeFiles/CMakeTmp »


    Feature record: C_FEATURE:1c_function_prototypes
    Feature record: C_FEATURE:1c_restrict
    Feature record: C_FEATURE:0c_static_assert
    Feature record: C_FEATURE:1c_variadic_macros


Detecting C [-std=c90] compiler features compiled with the following output:
Change Dir: /home/tfrignac/git/openHEVC/build/CMakeFiles/CMakeTmp

Run Build Command:"/usr/bin/make" "cmTC_41d6b/fast"
/usr/bin/make -f CMakeFiles/cmTC_41d6b.dir/build.make CMakeFiles/cmTC_41d6b.dir/build
make[1] : on entre dans le répertoire « /home/tfrignac/git/openHEVC/build/CMakeFiles/CMakeTmp »
Building C object CMakeFiles/cmTC_41d6b.dir/feature_tests.c.o
/usr/bin/cc    -std=c90 -o CMakeFiles/cmTC_41d6b.dir/feature_tests.c.o   -c /home/tfrignac/git/openHEVC/build/CMakeFiles/feature_tests.c
Linking C executable cmTC_41d6b
/usr/bin/cmake -E cmake_link_script CMakeFiles/cmTC_41d6b.dir/link.txt --verbose=1
/usr/bin/cc       CMakeFiles/cmTC_41d6b.dir/feature_tests.c.o  -o cmTC_41d6b -rdynamic 
make[1] : on quitte le répertoire « /home/tfrignac/git/openHEVC/build/CMakeFiles/CMakeTmp »


    Feature record: C_FEATURE:1c_function_prototypes
    Feature record: C_FEATURE:0c_restrict
    Feature record: C_FEATURE:0c_static_assert
    Feature record: C_FEATURE:0c_variadic_macros
Determining if the CXX compiler works passed with the following output:
Change Dir: /home/tfrignac/git/openHEVC/build/CMakeFiles/CMakeTmp

Run Build Command:"/usr/bin/make" "cmTC_28cd6/fast"
/usr/bin/make -f CMakeFiles/cmTC_28cd6.dir/build.make CMakeFiles/cmTC_28cd6.dir/build
make[1] : on entre dans le répertoire « /home/tfrignac/git/openHEVC/build/CMakeFiles/CMakeTmp »
Building CXX object CMakeFiles/cmTC_28cd6.dir/testCXXCompiler.cxx.o
/usr/bin/c++      -o CMakeFiles/cmTC_28cd6.dir/testCXXCompiler.cxx.o -c /home/tfrignac/git/openHEVC/build/CMakeFiles/CMakeTmp/testCXXCompiler.cxx
Linking CXX executable cmTC_28cd6
/usr/bin/cmake -E cmake_link_script CMakeFiles/cmTC_28cd6.dir/link.txt --verbose=1
/usr/bin/c++        CMakeFiles/cmTC_28cd6.dir/testCXXCompiler.cxx.o  -o cmTC_28cd6 -rdynamic 
make[1] : on quitte le répertoire « /home/tfrignac/git/openHEVC/build/CMakeFiles/CMakeTmp »


Detecting CXX compiler ABI info compiled with the following output:
Change Dir: /home/tfrignac/git/openHEVC/build/CMakeFiles/CMakeTmp

Run Build Command:"/usr/bin/make" "cmTC_309ef/fast"
/usr/bin/make -f CMakeFiles/cmTC_309ef.dir/build.make CMakeFiles/cmTC_309ef.dir/build
make[1] : on entre dans le répertoire « /home/tfrignac/git/openHEVC/build/CMakeFiles/CMakeTmp »
Building CXX object CMakeFiles/cmTC_309ef.dir/CMakeCXXCompilerABI.cpp.o
/usr/bin/c++      -o CMakeFiles/cmTC_309ef.dir/CMakeCXXCompilerABI.cpp.o -c /usr/share/cmake-3.5/Modules/CMakeCXXCompilerABI.cpp
Linking CXX executable cmTC_309ef
/usr/bin/cmake -E cmake_link_script CMakeFiles/cmTC_309ef.dir/link.txt --verbose=1
/usr/bin/c++       -v CMakeFiles/cmTC_309ef.dir/CMakeCXXCompilerABI.cpp.o  -o cmTC_309ef -rdynamic  
Using built-in specs.
COLLECT_GCC=/usr/bin/c++
COLLECT_LTO_WRAPPER=/usr/lib/gcc/x86_64-linux-gnu/5/lto-wrapper
Target: x86_64-linux-gnu
Configured with: ../src/configure -v --with-pkgversion='Ubuntu 5.4.0-6ubuntu1~16.04.4' --with-bugurl=file:///usr/share/doc/gcc-5/README.Bugs --enable-languages=c,ada,c++,java,go,d,fortran,objc,obj-c++ --prefix=/usr --program-suffix=-5 --enable-shared --enable-linker-build-id --libexecdir=/usr/lib --without-included-gettext --enable-threads=posix --libdir=/usr/lib --enable-nls --with-sysroot=/ --enable-clocale=gnu --enable-libstdcxx-debug --enable-libstdcxx-time=yes --with-default-libstdcxx-abi=new --enable-gnu-unique-object --disable-vtable-verify --enable-libmpx --enable-plugin --with-system-zlib --disable-browser-plugin --enable-java-awt=gtk --enable-gtk-cairo --with-java-home=/usr/lib/jvm/java-1.5.0-gcj-5-amd64/jre --enable-java-home --with-jvm-root-dir=/usr/lib/jvm/java-1.5.0-gcj-5-amd64 --with-jvm-jar-dir=/usr/lib/jvm-exports/java-1.5.0-gcj-5-amd64 --with-arch-directory=amd64 --with-ecj-jar=/usr/share/java/eclipse-ecj.jar --enable-objc-gc --enable-multiarch --disable-werror --with-arch-32=i686 --with-abi=m64 --with-multilib-list=m32,m64,mx32 --enable-multilib --with-tune=generic --enable-checking=release --build=x86_64-linux-gnu --host=x86_64-linux-gnu --target=x86_64-linux-gnu
Thread model: posix
gcc version 5.4.0 20160609 (Ubuntu 5.4.0-6ubuntu1~16.04.4) 
COMPILER_PATH=/usr/lib/gcc/x86_64-linux-gnu/5/:/usr/lib/gcc/x86_64-linux-gnu/5/:/usr/lib/gcc/x86_64-linux-gnu/:/usr/lib/gcc/x86_64-linux-gnu/5/:/usr/lib/gcc/x86_64-linux-gnu/
LIBRARY_PATH=/usr/lib/gcc/x86_64-linux-gnu/5/:/usr/lib/gcc/x86_64-linux-gnu/5/../../../x86_64-linux-gnu/:/usr/lib/gcc/x86_64-linux-gnu/5/../../../../lib/:/lib/x86_64-linux-gnu/:/lib/../lib/:/usr/lib/x86_64-linux-gnu/:/usr/lib/../lib/:/usr/lib/gcc/x86_64-linux-gnu/5/../../../:/lib/:/usr/lib/
COLLECT_GCC_OPTIONS='-v' '-o' 'cmTC_309ef' '-rdynamic' '-shared-libgcc' '-mtune=generic' '-march=x86-64'
 /usr/lib/gcc/x86_64-linux-gnu/5/collect2 -plugin /usr/lib/gcc/x86_64-linux-gnu/5/liblto_plugin.so -plugin-opt=/usr/lib/gcc/x86_64-linux-gnu/5/lto-wrapper -plugin-opt=-fresolution=/tmp/ccLWvFLm.res -plugin-opt=-pass-through=-lgcc_s -plugin-opt=-pass-through=-lgcc -plugin-opt=-pass-through=-lc -plugin-opt=-pass-through=-lgcc_s -plugin-opt=-pass-through=-lgcc --sysroot=/ --build-id --eh-frame-hdr -m elf_x86_64 --hash-style=gnu --as-needed -export-dynamic -dynamic-linker /lib64/ld-linux-x86-64.so.2 -z relro -o cmTC_309ef /usr/lib/gcc/x86_64-linux-gnu/5/../../../x86_64-linux-gnu/crt1.o /usr/lib/gcc/x86_64-linux-gnu/5/../../../x86_64-linux-gnu/crti.o /usr/lib/gcc/x86_64-linux-gnu/5/crtbegin.o -L/usr/lib/gcc/x86_64-linux-gnu/5 -L/usr/lib/gcc/x86_64-linux-gnu/5/../../../x86_64-linux-gnu -L/usr/lib/gcc/x86_64-linux-gnu/5/../../../../lib -L/lib/x86_64-linux-gnu -L/lib/../lib -L/usr/lib/x86_64-linux-gnu -L/usr/lib/../lib -L/usr/lib/gcc/x86_64-linux-gnu/5/../../.. CMakeFiles/cmTC_309ef.dir/CMakeCXXCompilerABI.cpp.o -lstdc++ -lm -lgcc_s -lgcc -lc -lgcc_s -lgcc /usr/lib/gcc/x86_64-linux-gnu/5/crtend.o /usr/lib/gcc/x86_64-linux-gnu/5/../../../x86_64-linux-gnu/crtn.o
make[1] : on quitte le répertoire « /home/tfrignac/git/openHEVC/build/CMakeFiles/CMakeTmp »


Parsed CXX implicit link information from above output:
  link line regex: [^( *|.*[/\])(ld|([^/\]+-)?ld|collect2)[^/\]*( |$)]
  ignore line: [Change Dir: /home/tfrignac/git/openHEVC/build/CMakeFiles/CMakeTmp]
  ignore line: []
  ignore line: [Run Build Command:"/usr/bin/make" "cmTC_309ef/fast"]
  ignore line: [/usr/bin/make -f CMakeFiles/cmTC_309ef.dir/build.make CMakeFiles/cmTC_309ef.dir/build]
  ignore line: [make[1] : on entre dans le répertoire « /home/tfrignac/git/openHEVC/build/CMakeFiles/CMakeTmp »]
  ignore line: [Building CXX object CMakeFiles/cmTC_309ef.dir/CMakeCXXCompilerABI.cpp.o]
  ignore line: [/usr/bin/c++      -o CMakeFiles/cmTC_309ef.dir/CMakeCXXCompilerABI.cpp.o -c /usr/share/cmake-3.5/Modules/CMakeCXXCompilerABI.cpp]
  ignore line: [Linking CXX executable cmTC_309ef]
  ignore line: [/usr/bin/cmake -E cmake_link_script CMakeFiles/cmTC_309ef.dir/link.txt --verbose=1]
  ignore line: [/usr/bin/c++       -v CMakeFiles/cmTC_309ef.dir/CMakeCXXCompilerABI.cpp.o  -o cmTC_309ef -rdynamic  ]
  ignore line: [Using built-in specs.]
  ignore line: [COLLECT_GCC=/usr/bin/c++]
  ignore line: [COLLECT_LTO_WRAPPER=/usr/lib/gcc/x86_64-linux-gnu/5/lto-wrapper]
  ignore line: [Target: x86_64-linux-gnu]
  ignore line: [Configured with: ../src/configure -v --with-pkgversion='Ubuntu 5.4.0-6ubuntu1~16.04.4' --with-bugurl=file:///usr/share/doc/gcc-5/README.Bugs --enable-languages=c,ada,c++,java,go,d,fortran,objc,obj-c++ --prefix=/usr --program-suffix=-5 --enable-shared --enable-linker-build-id --libexecdir=/usr/lib --without-included-gettext --enable-threads=posix --libdir=/usr/lib --enable-nls --with-sysroot=/ --enable-clocale=gnu --enable-libstdcxx-debug --enable-libstdcxx-time=yes --with-default-libstdcxx-abi=new --enable-gnu-unique-object --disable-vtable-verify --enable-libmpx --enable-plugin --with-system-zlib --disable-browser-plugin --enable-java-awt=gtk --enable-gtk-cairo --with-java-home=/usr/lib/jvm/java-1.5.0-gcj-5-amd64/jre --enable-java-home --with-jvm-root-dir=/usr/lib/jvm/java-1.5.0-gcj-5-amd64 --with-jvm-jar-dir=/usr/lib/jvm-exports/java-1.5.0-gcj-5-amd64 --with-arch-directory=amd64 --with-ecj-jar=/usr/share/java/eclipse-ecj.jar --enable-objc-gc --enable-multiarch --disable-werror --with-arch-32=i686 --with-abi=m64 --with-multilib-list=m32,m64,mx32 --enable-multilib --with-tune=generic --enable-checking=release --build=x86_64-linux-gnu --host=x86_64-linux-gnu --target=x86_64-linux-gnu]
  ignore line: [Thread model: posix]
  ignore line: [gcc version 5.4.0 20160609 (Ubuntu 5.4.0-6ubuntu1~16.04.4) ]
  ignore line: [COMPILER_PATH=/usr/lib/gcc/x86_64-linux-gnu/5/:/usr/lib/gcc/x86_64-linux-gnu/5/:/usr/lib/gcc/x86_64-linux-gnu/:/usr/lib/gcc/x86_64-linux-gnu/5/:/usr/lib/gcc/x86_64-linux-gnu/]
  ignore line: [LIBRARY_PATH=/usr/lib/gcc/x86_64-linux-gnu/5/:/usr/lib/gcc/x86_64-linux-gnu/5/../../../x86_64-linux-gnu/:/usr/lib/gcc/x86_64-linux-gnu/5/../../../../lib/:/lib/x86_64-linux-gnu/:/lib/../lib/:/usr/lib/x86_64-linux-gnu/:/usr/lib/../lib/:/usr/lib/gcc/x86_64-linux-gnu/5/../../../:/lib/:/usr/lib/]
  ignore line: [COLLECT_GCC_OPTIONS='-v' '-o' 'cmTC_309ef' '-rdynamic' '-shared-libgcc' '-mtune=generic' '-march=x86-64']
  link line: [ /usr/lib/gcc/x86_64-linux-gnu/5/collect2 -plugin /usr/lib/gcc/x86_64-linux-gnu/5/liblto_plugin.so -plugin-opt=/usr/lib/gcc/x86_64-linux-gnu/5/lto-wrapper -plugin-opt=-fresolution=/tmp/ccLWvFLm.res -plugin-opt=-pass-through=-lgcc_s -plugin-opt=-pass-through=-lgcc -plugin-opt=-pass-through=-lc -plugin-opt=-pass-through=-lgcc_s -plugin-opt=-pass-through=-lgcc --sysroot=/ --build-id --eh-frame-hdr -m elf_x86_64 --hash-style=gnu --as-needed -export-dynamic -dynamic-linker /lib64/ld-linux-x86-64.so.2 -z relro -o cmTC_309ef /usr/lib/gcc/x86_64-linux-gnu/5/../../../x86_64-linux-gnu/crt1.o /usr/lib/gcc/x86_64-linux-gnu/5/../../../x86_64-linux-gnu/crti.o /usr/lib/gcc/x86_64-linux-gnu/5/crtbegin.o -L/usr/lib/gcc/x86_64-linux-gnu/5 -L/usr/lib/gcc/x86_64-linux-gnu/5/../../../x86_64-linux-gnu -L/usr/lib/gcc/x86_64-linux-gnu/5/../../../../lib -L/lib/x86_64-linux-gnu -L/lib/../lib -L/usr/lib/x86_64-linux-gnu -L/usr/lib/../lib -L/usr/lib/gcc/x86_64-linux-gnu/5/../../.. CMakeFiles/cmTC_309ef.dir/CMakeCXXCompilerABI.cpp.o -lstdc++ -lm -lgcc_s -lgcc -lc -lgcc_s -lgcc /usr/lib/gcc/x86_64-linux-gnu/5/crtend.o /usr/lib/gcc/x86_64-linux-gnu/5/../../../x86_64-linux-gnu/crtn.o]
    arg [/usr/lib/gcc/x86_64-linux-gnu/5/collect2] ==> ignore
    arg [-plugin] ==> ignore
    arg [/usr/lib/gcc/x86_64-linux-gnu/5/liblto_plugin.so] ==> ignore
    arg [-plugin-opt=/usr/lib/gcc/x86_64-linux-gnu/5/lto-wrapper] ==> ignore
    arg [-plugin-opt=-fresolution=/tmp/ccLWvFLm.res] ==> ignore
    arg [-plugin-opt=-pass-through=-lgcc_s] ==> ignore
    arg [-plugin-opt=-pass-through=-lgcc] ==> ignore
    arg [-plugin-opt=-pass-through=-lc] ==> ignore
    arg [-plugin-opt=-pass-through=-lgcc_s] ==> ignore
    arg [-plugin-opt=-pass-through=-lgcc] ==> ignore
    arg [--sysroot=/] ==> ignore
    arg [--build-id] ==> ignore
    arg [--eh-frame-hdr] ==> ignore
    arg [-m] ==> ignore
    arg [elf_x86_64] ==> ignore
    arg [--hash-style=gnu] ==> ignore
    arg [--as-needed] ==> ignore
    arg [-export-dynamic] ==> ignore
    arg [-dynamic-linker] ==> ignore
    arg [/lib64/ld-linux-x86-64.so.2] ==> ignore
    arg [-zrelro] ==> ignore
    arg [-o] ==> ignore
    arg [cmTC_309ef] ==> ignore
    arg [/usr/lib/gcc/x86_64-linux-gnu/5/../../../x86_64-linux-gnu/crt1.o] ==> ignore
    arg [/usr/lib/gcc/x86_64-linux-gnu/5/../../../x86_64-linux-gnu/crti.o] ==> ignore
    arg [/usr/lib/gcc/x86_64-linux-gnu/5/crtbegin.o] ==> ignore
    arg [-L/usr/lib/gcc/x86_64-linux-gnu/5] ==> dir [/usr/lib/gcc/x86_64-linux-gnu/5]
    arg [-L/usr/lib/gcc/x86_64-linux-gnu/5/../../../x86_64-linux-gnu] ==> dir [/usr/lib/gcc/x86_64-linux-gnu/5/../../../x86_64-linux-gnu]
    arg [-L/usr/lib/gcc/x86_64-linux-gnu/5/../../../../lib] ==> dir [/usr/lib/gcc/x86_64-linux-gnu/5/../../../../lib]
    arg [-L/lib/x86_64-linux-gnu] ==> dir [/lib/x86_64-linux-gnu]
    arg [-L/lib/../lib] ==> dir [/lib/../lib]
    arg [-L/usr/lib/x86_64-linux-gnu] ==> dir [/usr/lib/x86_64-linux-gnu]
    arg [-L/usr/lib/../lib] ==> dir [/usr/lib/../lib]
    arg [-L/usr/lib/gcc/x86_64-linux-gnu/5/../../..] ==> dir [/usr/lib/gcc/x86_64-linux-gnu/5/../../..]
    arg [CMakeFiles/cmTC_309ef.dir/CMakeCXXCompilerABI.cpp.o] ==> ignore
    arg [-lstdc++] ==> lib [stdc++]
    arg [-lm] ==> lib [m]
    arg [-lgcc_s] ==> lib [gcc_s]
    arg [-lgcc] ==> lib [gcc]
    arg [-lc] ==> lib [c]
    arg [-lgcc_s] ==> lib [gcc_s]
    arg [-lgcc] ==> lib [gcc]
    arg [/usr/lib/gcc/x86_64-linux-gnu/5/crtend.o] ==> ignore
    arg [/usr/lib/gcc/x86_64-linux-gnu/5/../../../x86_64-linux-gnu/crtn.o] ==> ignore
  remove lib [gcc_s]
  remove lib [gcc]
  remove lib [gcc_s]
  remove lib [gcc]
  collapse library dir [/usr/lib/gcc/x86_64-linux-gnu/5] ==> [/usr/lib/gcc/x86_64-linux-gnu/5]
  collapse library dir [/usr/lib/gcc/x86_64-linux-gnu/5/../../../x86_64-linux-gnu] ==> [/usr/lib/x86_64-linux-gnu]
  collapse library dir [/usr/lib/gcc/x86_64-linux-gnu/5/../../../../lib] ==> [/usr/lib]
  collapse library dir [/lib/x86_64-linux-gnu] ==> [/lib/x86_64-linux-gnu]
  collapse library dir [/lib/../lib] ==> [/lib]
  collapse library dir [/usr/lib/x86_64-linux-gnu] ==> [/usr/lib/x86_64-linux-gnu]
  collapse library dir [/usr/lib/../lib] ==> [/usr/lib]
  collapse library dir [/usr/lib/gcc/x86_64-linux-gnu/5/../../..] ==> [/usr/lib]
  implicit libs: [stdc++;m;c]
  implicit dirs: [/usr/lib/gcc/x86_64-linux-gnu/5;/usr/lib/x86_64-linux-gnu;/usr/lib;/lib/x86_64-linux-gnu;/lib]
  implicit fwks: []




Detecting CXX [-std=c++14] compiler features compiled with the following output:
Change Dir: /home/tfrignac/git/openHEVC/build/CMakeFiles/CMakeTmp

Run Build Command:"/usr/bin/make" "cmTC_fb226/fast"
/usr/bin/make -f CMakeFiles/cmTC_fb226.dir/build.make CMakeFiles/cmTC_fb226.dir/build
make[1] : on entre dans le répertoire « /home/tfrignac/git/openHEVC/build/CMakeFiles/CMakeTmp »
Building CXX object CMakeFiles/cmTC_fb226.dir/feature_tests.cxx.o
/usr/bin/c++     -std=c++14 -o CMakeFiles/cmTC_fb226.dir/feature_tests.cxx.o -c /home/tfrignac/git/openHEVC/build/CMakeFiles/feature_tests.cxx
Linking CXX executable cmTC_fb226
/usr/bin/cmake -E cmake_link_script CMakeFiles/cmTC_fb226.dir/link.txt --verbose=1
/usr/bin/c++        CMakeFiles/cmTC_fb226.dir/feature_tests.cxx.o  -o cmTC_fb226 -rdynamic 
make[1] : on quitte le répertoire « /home/tfrignac/git/openHEVC/build/CMakeFiles/CMakeTmp »


    Feature record: CXX_FEATURE:1cxx_aggregate_default_initializers
    Feature record: CXX_FEATURE:1cxx_alias_templates
    Feature record: CXX_FEATURE:1cxx_alignas
    Feature record: CXX_FEATURE:1cxx_alignof
    Feature record: CXX_FEATURE:1cxx_attributes
    Feature record: CXX_FEATURE:1cxx_attribute_deprecated
    Feature record: CXX_FEATURE:1cxx_auto_type
    Feature record: CXX_FEATURE:1cxx_binary_literals
    Feature record: CXX_FEATURE:1cxx_constexpr
    Feature record: CXX_FEATURE:1cxx_contextual_conversions
    Feature record: CXX_FEATURE:1cxx_decltype
    Feature record: CXX_FEATURE:1cxx_decltype_auto
    Feature record: CXX_FEATURE:1cxx_decltype_incomplete_return_types
    Feature record: CXX_FEATURE:1cxx_default_function_template_args
    Feature record: CXX_FEATURE:1cxx_defaulted_functions
    Feature record: CXX_FEATURE:1cxx_defaulted_move_initializers
    Feature record: CXX_FEATURE:1cxx_delegating_constructors
    Feature record: CXX_FEATURE:1cxx_deleted_functions
    Feature record: CXX_FEATURE:1cxx_digit_separators
    Feature record: CXX_FEATURE:1cxx_enum_forward_declarations
    Feature record: CXX_FEATURE:1cxx_explicit_conversions
    Feature record: CXX_FEATURE:1cxx_extended_friend_declarations
    Feature record: CXX_FEATURE:1cxx_extern_templates
    Feature record: CXX_FEATURE:1cxx_final
    Feature record: CXX_FEATURE:1cxx_func_identifier
    Feature record: CXX_FEATURE:1cxx_generalized_initializers
    Feature record: CXX_FEATURE:1cxx_generic_lambdas
    Feature record: CXX_FEATURE:1cxx_inheriting_constructors
    Feature record: CXX_FEATURE:1cxx_inline_namespaces
    Feature record: CXX_FEATURE:1cxx_lambdas
    Feature record: CXX_FEATURE:1cxx_lambda_init_captures
    Feature record: CXX_FEATURE:1cxx_local_type_template_args
    Feature record: CXX_FEATURE:1cxx_long_long_type
    Feature record: CXX_FEATURE:1cxx_noexcept
    Feature record: CXX_FEATURE:1cxx_nonstatic_member_init
    Feature record: CXX_FEATURE:1cxx_nullptr
    Feature record: CXX_FEATURE:1cxx_override
    Feature record: CXX_FEATURE:1cxx_range_for
    Feature record: CXX_FEATURE:1cxx_raw_string_literals
    Feature record: CXX_FEATURE:1cxx_reference_qualified_functions
    Feature record: CXX_FEATURE:1cxx_relaxed_constexpr
    Feature record: CXX_FEATURE:1cxx_return_type_deduction
    Feature record: CXX_FEATURE:1cxx_right_angle_brackets
    Feature record: CXX_FEATURE:1cxx_rvalue_references
    Feature record: CXX_FEATURE:1cxx_sizeof_member
    Feature record: CXX_FEATURE:1cxx_static_assert
    Feature record: CXX_FEATURE:1cxx_strong_enums
    Feature record: CXX_FEATURE:1cxx_template_template_parameters
    Feature record: CXX_FEATURE:1cxx_thread_local
    Feature record: CXX_FEATURE:1cxx_trailing_return_types
    Feature record: CXX_FEATURE:1cxx_unicode_literals
    Feature record: CXX_FEATURE:1cxx_uniform_initialization
    Feature record: CXX_FEATURE:1cxx_unrestricted_unions
    Feature record: CXX_FEATURE:1cxx_user_literals
    Feature record: CXX_FEATURE:1cxx_variable_templates
    Feature record: CXX_FEATURE:1cxx_variadic_macros
    Feature record: CXX_FEATURE:1cxx_variadic_templates


Detecting CXX [-std=c++11] compiler features compiled with the following output:
Change Dir: /home/tfrignac/git/openHEVC/build/CMakeFiles/CMakeTmp

Run Build Command:"/usr/bin/make" "cmTC_9c305/fast"
/usr/bin/make -f CMakeFiles/cmTC_9c305.dir/build.make CMakeFiles/cmTC_9c305.dir/build
make[1] : on entre dans le répertoire « /home/tfrignac/git/openHEVC/build/CMakeFiles/CMakeTmp »
Building CXX object CMakeFiles/cmTC_9c305.dir/feature_tests.cxx.o
/usr/bin/c++     -std=c++11 -o CMakeFiles/cmTC_9c305.dir/feature_tests.cxx.o -c /home/tfrignac/git/openHEVC/build/CMakeFiles/feature_tests.cxx
Linking CXX executable cmTC_9c305
/usr/bin/cmake -E cmake_link_script CMakeFiles/cmTC_9c305.dir/link.txt --verbose=1
/usr/bin/c++        CMakeFiles/cmTC_9c305.dir/feature_tests.cxx.o  -o cmTC_9c305 -rdynamic 
make[1] : on quitte le répertoire « /home/tfrignac/git/openHEVC/build/CMakeFiles/CMakeTmp »


    Feature record: CXX_FEATURE:0cxx_aggregate_default_initializers
    Feature record: CXX_FEATURE:1cxx_alias_templates
    Feature record: CXX_FEATURE:1cxx_alignas
    Feature record: CXX_FEATURE:1cxx_alignof
    Feature record: CXX_FEATURE:1cxx_attributes
    Feature record: CXX_FEATURE:0cxx_attribute_deprecated
    Feature record: CXX_FEATURE:1cxx_auto_type
    Feature record: CXX_FEATURE:0cxx_binary_literals
    Feature record: CXX_FEATURE:1cxx_constexpr
    Feature record: CXX_FEATURE:0cxx_contextual_conversions
    Feature record: CXX_FEATURE:1cxx_decltype
    Feature record: CXX_FEATURE:0cxx_decltype_auto
    Feature record: CXX_FEATURE:1cxx_decltype_incomplete_return_types
    Feature record: CXX_FEATURE:1cxx_default_function_template_args
    Feature record: CXX_FEATURE:1cxx_defaulted_functions
    Feature record: CXX_FEATURE:1cxx_defaulted_move_initializers
    Feature record: CXX_FEATURE:1cxx_delegating_constructors
    Feature record: CXX_FEATURE:1cxx_deleted_functions
    Feature record: CXX_FEATURE:0cxx_digit_separators
    Feature record: CXX_FEATURE:1cxx_enum_forward_declarations
    Feature record: CXX_FEATURE:1cxx_explicit_conversions
    Feature record: CXX_FEATURE:1cxx_extended_friend_declarations
    Feature record: CXX_FEATURE:1cxx_extern_templates
    Feature record: CXX_FEATURE:1cxx_final
    Feature record: CXX_FEATURE:1cxx_func_identifier
    Feature record: CXX_FEATURE:1cxx_generalized_initializers
    Feature record: CXX_FEATURE:0cxx_generic_lambdas
    Feature record: CXX_FEATURE:1cxx_inheriting_constructors
    Feature record: CXX_FEATURE:1cxx_inline_namespaces
    Feature record: CXX_FEATURE:1cxx_lambdas
    Feature record: CXX_FEATURE:0cxx_lambda_init_captures
    Feature record: CXX_FEATURE:1cxx_local_type_template_args
    Feature record: CXX_FEATURE:1cxx_long_long_type
    Feature record: CXX_FEATURE:1cxx_noexcept
    Feature record: CXX_FEATURE:1cxx_nonstatic_member_init
    Feature record: CXX_FEATURE:1cxx_nullptr
    Feature record: CXX_FEATURE:1cxx_override
    Feature record: CXX_FEATURE:1cxx_range_for
    Feature record: CXX_FEATURE:1cxx_raw_string_literals
    Feature record: CXX_FEATURE:1cxx_reference_qualified_functions
    Feature record: CXX_FEATURE:0cxx_relaxed_constexpr
    Feature record: CXX_FEATURE:0cxx_return_type_deduction
    Feature record: CXX_FEATURE:1cxx_right_angle_brackets
    Feature record: CXX_FEATURE:1cxx_rvalue_references
    Feature record: CXX_FEATURE:1cxx_sizeof_member
    Feature record: CXX_FEATURE:1cxx_static_assert
    Feature record: CXX_FEATURE:1cxx_strong_enums
    Feature record: CXX_FEATURE:1cxx_template_template_parameters
    Feature record: CXX_FEATURE:1cxx_thread_local
    Feature record: CXX_FEATURE:1cxx_trailing_return_types
    Feature record: CXX_FEATURE:1cxx_unicode_literals
    Feature record: CXX_FEATURE:1cxx_uniform_initialization
    Feature record: CXX_FEATURE:1cxx_unrestricted_unions
    Feature record: CXX_FEATURE:1cxx_user_literals
    Feature record: CXX_FEATURE:0cxx_variable_templates
    Feature record: CXX_FEATURE:1cxx_variadic_macros
    Feature record: CXX_FEATURE:1cxx_variadic_templates


Detecting CXX [-std=c++98] compiler features compiled with the following output:
Change Dir: /home/tfrignac/git/openHEVC/build/CMakeFiles/CMakeTmp

Run Build Command:"/usr/bin/make" "cmTC_201c5/fast"
/usr/bin/make -f CMakeFiles/cmTC_201c5.dir/build.make CMakeFiles/cmTC_201c5.dir/build
make[1] : on entre dans le répertoire « /home/tfrignac/git/openHEVC/build/CMakeFiles/CMakeTmp »
Building CXX object CMakeFiles/cmTC_201c5.dir/feature_tests.cxx.o
/usr/bin/c++     -std=c++98 -o CMakeFiles/cmTC_201c5.dir/feature_tests.cxx.o -c /home/tfrignac/git/openHEVC/build/CMakeFiles/feature_tests.cxx
Linking CXX executable cmTC_201c5
/usr/bin/cmake -E cmake_link_script CMakeFiles/cmTC_201c5.dir/link.txt --verbose=1
/usr/bin/c++        CMakeFiles/cmTC_201c5.dir/feature_tests.cxx.o  -o cmTC_201c5 -rdynamic 
make[1] : on quitte le répertoire « /home/tfrignac/git/openHEVC/build/CMakeFiles/CMakeTmp »


    Feature record: CXX_FEATURE:0cxx_aggregate_default_initializers
    Feature record: CXX_FEATURE:0cxx_alias_templates
    Feature record: CXX_FEATURE:0cxx_alignas
    Feature record: CXX_FEATURE:0cxx_alignof
    Feature record: CXX_FEATURE:0cxx_attributes
    Feature record: CXX_FEATURE:0cxx_attribute_deprecated
    Feature record: CXX_FEATURE:0cxx_auto_type
    Feature record: CXX_FEATURE:0cxx_binary_literals
    Feature record: CXX_FEATURE:0cxx_constexpr
    Feature record: CXX_FEATURE:0cxx_contextual_conversions
    Feature record: CXX_FEATURE:0cxx_decltype
    Feature record: CXX_FEATURE:0cxx_decltype_auto
    Feature record: CXX_FEATURE:0cxx_decltype_incomplete_return_types
    Feature record: CXX_FEATURE:0cxx_default_function_template_args
    Feature record: CXX_FEATURE:0cxx_defaulted_functions
    Feature record: CXX_FEATURE:0cxx_defaulted_move_initializers
    Feature record: CXX_FEATURE:0cxx_delegating_constructors
    Feature record: CXX_FEATURE:0cxx_deleted_functions
    Feature record: CXX_FEATURE:0cxx_digit_separators
    Feature record: CXX_FEATURE:0cxx_enum_forward_declarations
    Feature record: CXX_FEATURE:0cxx_explicit_conversions
    Feature record: CXX_FEATURE:0cxx_extended_friend_declarations
    Feature record: CXX_FEATURE:0cxx_extern_templates
    Feature record: CXX_FEATURE:0cxx_final
    Feature record: CXX_FEATURE:0cxx_func_identifier
    Feature record: CXX_FEATURE:0cxx_generalized_initializers
    Feature record: CXX_FEATURE:0cxx_generic_lambdas
    Feature record: CXX_FEATURE:0cxx_inheriting_constructors
    Feature record: CXX_FEATURE:0cxx_inline_namespaces
    Feature record: CXX_FEATURE:0cxx_lambdas
    Feature record: CXX_FEATURE:0cxx_lambda_init_captures
    Feature record: CXX_FEATURE:0cxx_local_type_template_args
    Feature record: CXX_FEATURE:0cxx_long_long_type
    Feature record: CXX_FEATURE:0cxx_noexcept
    Feature record: CXX_FEATURE:0cxx_nonstatic_member_init
    Feature record: CXX_FEATURE:0cxx_nullptr
    Feature record: CXX_FEATURE:0cxx_override
    Feature record: CXX_FEATURE:0cxx_range_for
    Feature record: CXX_FEATURE:0cxx_raw_string_literals
    Feature record: CXX_FEATURE:0cxx_reference_qualified_functions
    Feature record: CXX_FEATURE:0cxx_relaxed_constexpr
    Feature record: CXX_FEATURE:0cxx_return_type_deduction
    Feature record: CXX_FEATURE:0cxx_right_angle_brackets
    Feature record: CXX_FEATURE:0cxx_rvalue_references
    Feature record: CXX_FEATURE:0cxx_sizeof_member
    Feature record: CXX_FEATURE:0cxx_static_assert
    Feature record: CXX_FEATURE:0cxx_strong_enums
    Feature record: CXX_FEATURE:1cxx_template_template_parameters
    Feature record: CXX_FEATURE:0cxx_thread_local
    Feature record: CXX_FEATURE:0cxx_trailing_return_types
    Feature record: CXX_FEATURE:0cxx_unicode_literals
    Feature record: CXX_FEATURE:0cxx_uniform_initialization
    Feature record: CXX_FEATURE:0cxx_unrestricted_unions
    Feature record: CXX_FEATURE:0cxx_user_literals
    Feature record: CXX_FEATURE:0cxx_variable_templates
    Feature record: CXX_FEATURE:0cxx_variadic_macros
    Feature record: CXX_FEATURE:0cxx_variadic_templates
Determining size of void* passed with the following output:
Change Dir: /home/tfrignac/git/openHEVC/build/CMakeFiles/CMakeTmp

Run Build Command:"/usr/bin/make" "cmTC_f2803/fast"
/usr/bin/make -f CMakeFiles/cmTC_f2803.dir/build.make CMakeFiles/cmTC_f2803.dir/build
make[1] : on entre dans le répertoire « /home/tfrignac/git/openHEVC/build/CMakeFiles/CMakeTmp »
Building C object CMakeFiles/cmTC_f2803.dir/SIZEOF_VOID_P.c.o
/usr/bin/cc     -o CMakeFiles/cmTC_f2803.dir/SIZEOF_VOID_P.c.o   -c /home/tfrignac/git/openHEVC/build/CMakeFiles/CheckTypeSize/SIZEOF_VOID_P.c
Linking C executable cmTC_f2803
/usr/bin/cmake -E cmake_link_script CMakeFiles/cmTC_f2803.dir/link.txt --verbose=1
/usr/bin/cc       CMakeFiles/cmTC_f2803.dir/SIZEOF_VOID_P.c.o  -o cmTC_f2803 -rdynamic 
make[1] : on quitte le répertoire « /home/tfrignac/git/openHEVC/build/CMakeFiles/CMakeTmp »


Performing C++ SOURCE FILE Test check_cxx_compiler_flag__march_sandybridge succeeded with the following output:
Change Dir: /home/tfrignac/git/openHEVC/build/CMakeFiles/CMakeTmp

Run Build Command:"/usr/bin/make" "cmTC_efa4e/fast"
/usr/bin/make -f CMakeFiles/cmTC_efa4e.dir/build.make CMakeFiles/cmTC_efa4e.dir/build
make[1] : on entre dans le répertoire « /home/tfrignac/git/openHEVC/build/CMakeFiles/CMakeTmp »
Building CXX object CMakeFiles/cmTC_efa4e.dir/src.cxx.o
/usr/bin/c++     -Dcheck_cxx_compiler_flag__march_sandybridge   -march=sandybridge -o CMakeFiles/cmTC_efa4e.dir/src.cxx.o -c /home/tfrignac/git/openHEVC/build/CMakeFiles/CMakeTmp/src.cxx
Linking CXX executable cmTC_efa4e
/usr/bin/cmake -E cmake_link_script CMakeFiles/cmTC_efa4e.dir/link.txt --verbose=1
/usr/bin/c++    -Dcheck_cxx_compiler_flag__march_sandybridge    CMakeFiles/cmTC_efa4e.dir/src.cxx.o  -o cmTC_efa4e -rdynamic 
make[1] : on quitte le répertoire « /home/tfrignac/git/openHEVC/build/CMakeFiles/CMakeTmp »

Source file was:
int main() { return 0; }
Performing C++ SOURCE FILE Test check_cxx_compiler_flag__msse2 succeeded with the following output:
Change Dir: /home/tfrignac/git/openHEVC/build/CMakeFiles/CMakeTmp

Run Build Command:"/usr/bin/make" "cmTC_b97be/fast"
/usr/bin/make -f CMakeFiles/cmTC_b97be.dir/build.make CMakeFiles/cmTC_b97be.dir/build
make[1] : on entre dans le répertoire « /home/tfrignac/git/openHEVC/build/CMakeFiles/CMakeTmp »
Building CXX object CMakeFiles/cmTC_b97be.dir/src.cxx.o
/usr/bin/c++     -Dcheck_cxx_compiler_flag__msse2   -msse2 -o CMakeFiles/cmTC_b97be.dir/src.cxx.o -c /home/tfrignac/git/openHEVC/build/CMakeFiles/CMakeTmp/src.cxx
Linking CXX executable cmTC_b97be
/usr/bin/cmake -E cmake_link_script CMakeFiles/cmTC_b97be.dir/link.txt --verbose=1
/usr/bin/c++    -Dcheck_cxx_compiler_flag__msse2    CMakeFiles/cmTC_b97be.dir/src.cxx.o  -o cmTC_b97be -rdynamic 
make[1] : on quitte le répertoire « /home/tfrignac/git/openHEVC/build/CMakeFiles/CMakeTmp »

Source file was:
int main() { return 0; }
Performing C++ SOURCE FILE Test check_cxx_compiler_flag__msse3 succeeded with the following output:
Change Dir: /home/tfrignac/git/openHEVC/build/CMakeFiles/CMakeTmp

Run Build Command:"/usr/bin/make" "cmTC_f6201/fast"
/usr/bin/make -f CMakeFiles/cmTC_f6201.dir/build.make CMakeFiles/cmTC_f6201.dir/build
make[1] : on entre dans le répertoire « /home/tfrignac/git/openHEVC/build/CMakeFiles/CMakeTmp »
Building CXX object CMakeFiles/cmTC_f6201.dir/src.cxx.o
/usr/bin/c++     -Dcheck_cxx_compiler_flag__msse3   -msse3 -o CMakeFiles/cmTC_f6201.dir/src.cxx.o -c /home/tfrignac/git/openHEVC/build/CMakeFiles/CMakeTmp/src.cxx
Linking CXX executable cmTC_f6201
/usr/bin/cmake -E cmake_link_script CMakeFiles/cmTC_f6201.dir/link.txt --verbose=1
/usr/bin/c++    -Dcheck_cxx_compiler_flag__msse3    CMakeFiles/cmTC_f6201.dir/src.cxx.o  -o cmTC_f6201 -rdynamic 
make[1] : on quitte le répertoire « /home/tfrignac/git/openHEVC/build/CMakeFiles/CMakeTmp »

Source file was:
int main() { return 0; }
Determining if the include file pmmintrin.h exists passed with the following output:
Change Dir: /home/tfrignac/git/openHEVC/build/CMakeFiles/CMakeTmp

Run Build Command:"/usr/bin/make" "cmTC_bdfb9/fast"
/usr/bin/make -f CMakeFiles/cmTC_bdfb9.dir/build.make CMakeFiles/cmTC_bdfb9.dir/build
make[1] : on entre dans le répertoire « /home/tfrignac/git/openHEVC/build/CMakeFiles/CMakeTmp »
Building C object CMakeFiles/cmTC_bdfb9.dir/CheckIncludeFile.c.o
/usr/bin/cc    -msse3    -o CMakeFiles/cmTC_bdfb9.dir/CheckIncludeFile.c.o   -c /home/tfrignac/git/openHEVC/build/CMakeFiles/CMakeTmp/CheckIncludeFile.c
Linking C executable cmTC_bdfb9
/usr/bin/cmake -E cmake_link_script CMakeFiles/cmTC_bdfb9.dir/link.txt --verbose=1
/usr/bin/cc   -msse3     CMakeFiles/cmTC_bdfb9.dir/CheckIncludeFile.c.o  -o cmTC_bdfb9 -rdynamic 
make[1] : on quitte le répertoire « /home/tfrignac/git/openHEVC/build/CMakeFiles/CMakeTmp »


Performing C++ SOURCE FILE Test check_cxx_compiler_flag__mssse3 succeeded with the following output:
Change Dir: /home/tfrignac/git/openHEVC/build/CMakeFiles/CMakeTmp

Run Build Command:"/usr/bin/make" "cmTC_475b4/fast"
/usr/bin/make -f CMakeFiles/cmTC_475b4.dir/build.make CMakeFiles/cmTC_475b4.dir/build
make[1] : on entre dans le répertoire « /home/tfrignac/git/openHEVC/build/CMakeFiles/CMakeTmp »
Building CXX object CMakeFiles/cmTC_475b4.dir/src.cxx.o
/usr/bin/c++     -Dcheck_cxx_compiler_flag__mssse3   -mssse3 -o CMakeFiles/cmTC_475b4.dir/src.cxx.o -c /home/tfrignac/git/openHEVC/build/CMakeFiles/CMakeTmp/src.cxx
Linking CXX executable cmTC_475b4
/usr/bin/cmake -E cmake_link_script CMakeFiles/cmTC_475b4.dir/link.txt --verbose=1
/usr/bin/c++    -Dcheck_cxx_compiler_flag__mssse3    CMakeFiles/cmTC_475b4.dir/src.cxx.o  -o cmTC_475b4 -rdynamic 
make[1] : on quitte le répertoire « /home/tfrignac/git/openHEVC/build/CMakeFiles/CMakeTmp »

Source file was:
int main() { return 0; }
Determining if the include file tmmintrin.h exists passed with the following output:
Change Dir: /home/tfrignac/git/openHEVC/build/CMakeFiles/CMakeTmp

Run Build Command:"/usr/bin/make" "cmTC_11fdd/fast"
/usr/bin/make -f CMakeFiles/cmTC_11fdd.dir/build.make CMakeFiles/cmTC_11fdd.dir/build
make[1] : on entre dans le répertoire « /home/tfrignac/git/openHEVC/build/CMakeFiles/CMakeTmp »
Building C object CMakeFiles/cmTC_11fdd.dir/CheckIncludeFile.c.o
/usr/bin/cc    -mssse3    -o CMakeFiles/cmTC_11fdd.dir/CheckIncludeFile.c.o   -c /home/tfrignac/git/openHEVC/build/CMakeFiles/CMakeTmp/CheckIncludeFile.c
Linking C executable cmTC_11fdd
/usr/bin/cmake -E cmake_link_script CMakeFiles/cmTC_11fdd.dir/link.txt --verbose=1
/usr/bin/cc   -mssse3     CMakeFiles/cmTC_11fdd.dir/CheckIncludeFile.c.o  -o cmTC_11fdd -rdynamic 
make[1] : on quitte le répertoire « /home/tfrignac/git/openHEVC/build/CMakeFiles/CMakeTmp »


Performing C++ SOURCE FILE Test check_cxx_compiler_flag__msse4_1 succeeded with the following output:
Change Dir: /home/tfrignac/git/openHEVC/build/CMakeFiles/CMakeTmp

Run Build Command:"/usr/bin/make" "cmTC_7bcce/fast"
/usr/bin/make -f CMakeFiles/cmTC_7bcce.dir/build.make CMakeFiles/cmTC_7bcce.dir/build
make[1] : on entre dans le répertoire « /home/tfrignac/git/openHEVC/build/CMakeFiles/CMakeTmp »
Building CXX object CMakeFiles/cmTC_7bcce.dir/src.cxx.o
/usr/bin/c++     -Dcheck_cxx_compiler_flag__msse4_1   -msse4.1 -o CMakeFiles/cmTC_7bcce.dir/src.cxx.o -c /home/tfrignac/git/openHEVC/build/CMakeFiles/CMakeTmp/src.cxx
Linking CXX executable cmTC_7bcce
/usr/bin/cmake -E cmake_link_script CMakeFiles/cmTC_7bcce.dir/link.txt --verbose=1
/usr/bin/c++    -Dcheck_cxx_compiler_flag__msse4_1    CMakeFiles/cmTC_7bcce.dir/src.cxx.o  -o cmTC_7bcce -rdynamic 
make[1] : on quitte le répertoire « /home/tfrignac/git/openHEVC/build/CMakeFiles/CMakeTmp »

Source file was:
int main() { return 0; }
Determining if the include file smmintrin.h exists passed with the following output:
Change Dir: /home/tfrignac/git/openHEVC/build/CMakeFiles/CMakeTmp

Run Build Command:"/usr/bin/make" "cmTC_2cf7b/fast"
/usr/bin/make -f CMakeFiles/cmTC_2cf7b.dir/build.make CMakeFiles/cmTC_2cf7b.dir/build
make[1] : on entre dans le répertoire « /home/tfrignac/git/openHEVC/build/CMakeFiles/CMakeTmp »
Building C object CMakeFiles/cmTC_2cf7b.dir/CheckIncludeFile.c.o
/usr/bin/cc    -msse4.1    -o CMakeFiles/cmTC_2cf7b.dir/CheckIncludeFile.c.o   -c /home/tfrignac/git/openHEVC/build/CMakeFiles/CMakeTmp/CheckIncludeFile.c
Linking C executable cmTC_2cf7b
/usr/bin/cmake -E cmake_link_script CMakeFiles/cmTC_2cf7b.dir/link.txt --verbose=1
/usr/bin/cc   -msse4.1     CMakeFiles/cmTC_2cf7b.dir/CheckIncludeFile.c.o  -o cmTC_2cf7b -rdynamic 
make[1] : on quitte le répertoire « /home/tfrignac/git/openHEVC/build/CMakeFiles/CMakeTmp »


Performing C++ SOURCE FILE Test check_cxx_compiler_flag__msse4_2 succeeded with the following output:
Change Dir: /home/tfrignac/git/openHEVC/build/CMakeFiles/CMakeTmp

Run Build Command:"/usr/bin/make" "cmTC_8d249/fast"
/usr/bin/make -f CMakeFiles/cmTC_8d249.dir/build.make CMakeFiles/cmTC_8d249.dir/build
make[1] : on entre dans le répertoire « /home/tfrignac/git/openHEVC/build/CMakeFiles/CMakeTmp »
Building CXX object CMakeFiles/cmTC_8d249.dir/src.cxx.o
/usr/bin/c++     -Dcheck_cxx_compiler_flag__msse4_2   -msse4.2 -o CMakeFiles/cmTC_8d249.dir/src.cxx.o -c /home/tfrignac/git/openHEVC/build/CMakeFiles/CMakeTmp/src.cxx
Linking CXX executable cmTC_8d249
/usr/bin/cmake -E cmake_link_script CMakeFiles/cmTC_8d249.dir/link.txt --verbose=1
/usr/bin/c++    -Dcheck_cxx_compiler_flag__msse4_2    CMakeFiles/cmTC_8d249.dir/src.cxx.o  -o cmTC_8d249 -rdynamic 
make[1] : on quitte le répertoire « /home/tfrignac/git/openHEVC/build/CMakeFiles/CMakeTmp »

Source file was:
int main() { return 0; }
Performing C++ SOURCE FILE Test check_cxx_compiler_flag__mavx succeeded with the following output:
Change Dir: /home/tfrignac/git/openHEVC/build/CMakeFiles/CMakeTmp

Run Build Command:"/usr/bin/make" "cmTC_9994a/fast"
/usr/bin/make -f CMakeFiles/cmTC_9994a.dir/build.make CMakeFiles/cmTC_9994a.dir/build
make[1] : on entre dans le répertoire « /home/tfrignac/git/openHEVC/build/CMakeFiles/CMakeTmp »
Building CXX object CMakeFiles/cmTC_9994a.dir/src.cxx.o
/usr/bin/c++     -Dcheck_cxx_compiler_flag__mavx   -mavx -o CMakeFiles/cmTC_9994a.dir/src.cxx.o -c /home/tfrignac/git/openHEVC/build/CMakeFiles/CMakeTmp/src.cxx
Linking CXX executable cmTC_9994a
/usr/bin/cmake -E cmake_link_script CMakeFiles/cmTC_9994a.dir/link.txt --verbose=1
/usr/bin/c++    -Dcheck_cxx_compiler_flag__mavx    CMakeFiles/cmTC_9994a.dir/src.cxx.o  -o cmTC_9994a -rdynamic 
make[1] : on quitte le répertoire « /home/tfrignac/git/openHEVC/build/CMakeFiles/CMakeTmp »

Source file was:
int main() { return 0; }
Determining if the include file immintrin.h exists passed with the following output:
Change Dir: /home/tfrignac/git/openHEVC/build/CMakeFiles/CMakeTmp

Run Build Command:"/usr/bin/make" "cmTC_fa6f9/fast"
/usr/bin/make -f CMakeFiles/cmTC_fa6f9.dir/build.make CMakeFiles/cmTC_fa6f9.dir/build
make[1] : on entre dans le répertoire « /home/tfrignac/git/openHEVC/build/CMakeFiles/CMakeTmp »
Building C object CMakeFiles/cmTC_fa6f9.dir/CheckIncludeFile.c.o
/usr/bin/cc    -mavx    -o CMakeFiles/cmTC_fa6f9.dir/CheckIncludeFile.c.o   -c /home/tfrignac/git/openHEVC/build/CMakeFiles/CMakeTmp/CheckIncludeFile.c
Linking C executable cmTC_fa6f9
/usr/bin/cmake -E cmake_link_script CMakeFiles/cmTC_fa6f9.dir/link.txt --verbose=1
/usr/bin/cc   -mavx     CMakeFiles/cmTC_fa6f9.dir/CheckIncludeFile.c.o  -o cmTC_fa6f9 -rdynamic 
make[1] : on quitte le répertoire « /home/tfrignac/git/openHEVC/build/CMakeFiles/CMakeTmp »


Performing C++ SOURCE FILE Test check_cxx_compiler_flag__msse2avx succeeded with the following output:
Change Dir: /home/tfrignac/git/openHEVC/build/CMakeFiles/CMakeTmp

Run Build Command:"/usr/bin/make" "cmTC_55eca/fast"
/usr/bin/make -f CMakeFiles/cmTC_55eca.dir/build.make CMakeFiles/cmTC_55eca.dir/build
make[1] : on entre dans le répertoire « /home/tfrignac/git/openHEVC/build/CMakeFiles/CMakeTmp »
Building CXX object CMakeFiles/cmTC_55eca.dir/src.cxx.o
/usr/bin/c++     -Dcheck_cxx_compiler_flag__msse2avx   -msse2avx -o CMakeFiles/cmTC_55eca.dir/src.cxx.o -c /home/tfrignac/git/openHEVC/build/CMakeFiles/CMakeTmp/src.cxx
Linking CXX executable cmTC_55eca
/usr/bin/cmake -E cmake_link_script CMakeFiles/cmTC_55eca.dir/link.txt --verbose=1
/usr/bin/c++    -Dcheck_cxx_compiler_flag__msse2avx    CMakeFiles/cmTC_55eca.dir/src.cxx.o  -o cmTC_55eca -rdynamic 
make[1] : on quitte le répertoire « /home/tfrignac/git/openHEVC/build/CMakeFiles/CMakeTmp »

Source file was:
int main() { return 0; }
Performing C++ SOURCE FILE Test check_cxx_compiler_flag__mno_sse4a succeeded with the following output:
Change Dir: /home/tfrignac/git/openHEVC/build/CMakeFiles/CMakeTmp

Run Build Command:"/usr/bin/make" "cmTC_5c72d/fast"
/usr/bin/make -f CMakeFiles/cmTC_5c72d.dir/build.make CMakeFiles/cmTC_5c72d.dir/build
make[1] : on entre dans le répertoire « /home/tfrignac/git/openHEVC/build/CMakeFiles/CMakeTmp »
Building CXX object CMakeFiles/cmTC_5c72d.dir/src.cxx.o
/usr/bin/c++     -Dcheck_cxx_compiler_flag__mno_sse4a   -mno-sse4a -o CMakeFiles/cmTC_5c72d.dir/src.cxx.o -c /home/tfrignac/git/openHEVC/build/CMakeFiles/CMakeTmp/src.cxx
Linking CXX executable cmTC_5c72d
/usr/bin/cmake -E cmake_link_script CMakeFiles/cmTC_5c72d.dir/link.txt --verbose=1
/usr/bin/c++    -Dcheck_cxx_compiler_flag__mno_sse4a    CMakeFiles/cmTC_5c72d.dir/src.cxx.o  -o cmTC_5c72d -rdynamic 
make[1] : on quitte le répertoire « /home/tfrignac/git/openHEVC/build/CMakeFiles/CMakeTmp »

Source file was:
int main() { return 0; }
Performing C++ SOURCE FILE Test check_cxx_compiler_flag__mno_xop succeeded with the following output:
Change Dir: /home/tfrignac/git/openHEVC/build/CMakeFiles/CMakeTmp

Run Build Command:"/usr/bin/make" "cmTC_55cb4/fast"
/usr/bin/make -f CMakeFiles/cmTC_55cb4.dir/build.make CMakeFiles/cmTC_55cb4.dir/build
make[1] : on entre dans le répertoire « /home/tfrignac/git/openHEVC/build/CMakeFiles/CMakeTmp »
Building CXX object CMakeFiles/cmTC_55cb4.dir/src.cxx.o
/usr/bin/c++     -Dcheck_cxx_compiler_flag__mno_xop   -mno-xop -o CMakeFiles/cmTC_55cb4.dir/src.cxx.o -c /home/tfrignac/git/openHEVC/build/CMakeFiles/CMakeTmp/src.cxx
Linking CXX executable cmTC_55cb4
/usr/bin/cmake -E cmake_link_script CMakeFiles/cmTC_55cb4.dir/link.txt --verbose=1
/usr/bin/c++    -Dcheck_cxx_compiler_flag__mno_xop    CMakeFiles/cmTC_55cb4.dir/src.cxx.o  -o cmTC_55cb4 -rdynamic 
make[1] : on quitte le répertoire « /home/tfrignac/git/openHEVC/build/CMakeFiles/CMakeTmp »

Source file was:
int main() { return 0; }
Performing C++ SOURCE FILE Test check_cxx_compiler_flag__mno_fma4 succeeded with the following output:
Change Dir: /home/tfrignac/git/openHEVC/build/CMakeFiles/CMakeTmp

Run Build Command:"/usr/bin/make" "cmTC_2414d/fast"
/usr/bin/make -f CMakeFiles/cmTC_2414d.dir/build.make CMakeFiles/cmTC_2414d.dir/build
make[1] : on entre dans le répertoire « /home/tfrignac/git/openHEVC/build/CMakeFiles/CMakeTmp »
Building CXX object CMakeFiles/cmTC_2414d.dir/src.cxx.o
/usr/bin/c++     -Dcheck_cxx_compiler_flag__mno_fma4   -mno-fma4 -o CMakeFiles/cmTC_2414d.dir/src.cxx.o -c /home/tfrignac/git/openHEVC/build/CMakeFiles/CMakeTmp/src.cxx
Linking CXX executable cmTC_2414d
/usr/bin/cmake -E cmake_link_script CMakeFiles/cmTC_2414d.dir/link.txt --verbose=1
/usr/bin/c++    -Dcheck_cxx_compiler_flag__mno_fma4    CMakeFiles/cmTC_2414d.dir/src.cxx.o  -o cmTC_2414d -rdynamic 
make[1] : on quitte le répertoire « /home/tfrignac/git/openHEVC/build/CMakeFiles/CMakeTmp »

Source file was:
int main() { return 0; }
Performing C++ SOURCE FILE Test check_cxx_compiler_flag__mno_avx2 succeeded with the following output:
Change Dir: /home/tfrignac/git/openHEVC/build/CMakeFiles/CMakeTmp

Run Build Command:"/usr/bin/make" "cmTC_407b6/fast"
/usr/bin/make -f CMakeFiles/cmTC_407b6.dir/build.make CMakeFiles/cmTC_407b6.dir/build
make[1] : on entre dans le répertoire « /home/tfrignac/git/openHEVC/build/CMakeFiles/CMakeTmp »
Building CXX object CMakeFiles/cmTC_407b6.dir/src.cxx.o
/usr/bin/c++     -Dcheck_cxx_compiler_flag__mno_avx2   -mno-avx2 -o CMakeFiles/cmTC_407b6.dir/src.cxx.o -c /home/tfrignac/git/openHEVC/build/CMakeFiles/CMakeTmp/src.cxx
Linking CXX executable cmTC_407b6
/usr/bin/cmake -E cmake_link_script CMakeFiles/cmTC_407b6.dir/link.txt --verbose=1
/usr/bin/c++    -Dcheck_cxx_compiler_flag__mno_avx2    CMakeFiles/cmTC_407b6.dir/src.cxx.o  -o cmTC_407b6 -rdynamic 
make[1] : on quitte le répertoire « /home/tfrignac/git/openHEVC/build/CMakeFiles/CMakeTmp »

Source file was:
int main() { return 0; }
Determining if the function gettimeofday exists passed with the following output:
Change Dir: /home/tfrignac/git/openHEVC/build/CMakeFiles/CMakeTmp

Run Build Command:"/usr/bin/make" "cmTC_0bf18/fast"
/usr/bin/make -f CMakeFiles/cmTC_0bf18.dir/build.make CMakeFiles/cmTC_0bf18.dir/build
make[1] : on entre dans le répertoire « /home/tfrignac/git/openHEVC/build/CMakeFiles/CMakeTmp »
Building C object CMakeFiles/cmTC_0bf18.dir/CheckFunctionExists.c.o
/usr/bin/cc    -DCHECK_FUNCTION_EXISTS=gettimeofday   -o CMakeFiles/cmTC_0bf18.dir/CheckFunctionExists.c.o   -c /usr/share/cmake-3.5/Modules/CheckFunctionExists.c
Linking C executable cmTC_0bf18
/usr/bin/cmake -E cmake_link_script CMakeFiles/cmTC_0bf18.dir/link.txt --verbose=1
/usr/bin/cc   -DCHECK_FUNCTION_EXISTS=gettimeofday    CMakeFiles/cmTC_0bf18.dir/CheckFunctionExists.c.o  -o cmTC_0bf18 -rdynamic 
make[1] : on quitte le répertoire « /home/tfrignac/git/openHEVC/build/CMakeFiles/CMakeTmp »


Determining if the function sched_getaffinity exists passed with the following output:
Change Dir: /home/tfrignac/git/openHEVC/build/CMakeFiles/CMakeTmp

Run Build Command:"/usr/bin/make" "cmTC_a826b/fast"
/usr/bin/make -f CMakeFiles/cmTC_a826b.dir/build.make CMakeFiles/cmTC_a826b.dir/build
make[1] : on entre dans le répertoire « /home/tfrignac/git/openHEVC/build/CMakeFiles/CMakeTmp »
Building C object CMakeFiles/cmTC_a826b.dir/CheckFunctionExists.c.o
/usr/bin/cc    -DCHECK_FUNCTION_EXISTS=sched_getaffinity   -o CMakeFiles/cmTC_a826b.dir/CheckFunctionExists.c.o   -c /usr/share/cmake-3.5/Modules/CheckFunctionExists.c
Linking C executable cmTC_a826b
/usr/bin/cmake -E cmake_link_script CMakeFiles/cmTC_a826b.dir/link.txt --verbose=1
/usr/bin/cc   -DCHECK_FUNCTION_EXISTS=sched_getaffinity    CMakeFiles/cmTC_a826b.dir/CheckFunctionExists.c.o  -o cmTC_a826b -rdynamic 
make[1] : on quitte le répertoire « /home/tfrignac/git/openHEVC/build/CMakeFiles/CMakeTmp »


Determining if the function strerror_r exists passed with the following output:
Change Dir: /home/tfrignac/git/openHEVC/build/CMakeFiles/CMakeTmp

Run Build Command:"/usr/bin/make" "cmTC_062ba/fast"
/usr/bin/make -f CMakeFiles/cmTC_062ba.dir/build.make CMakeFiles/cmTC_062ba.dir/build
make[1] : on entre dans le répertoire « /home/tfrignac/git/openHEVC/build/CMakeFiles/CMakeTmp »
Building C object CMakeFiles/cmTC_062ba.dir/CheckFunctionExists.c.o
/usr/bin/cc    -DCHECK_FUNCTION_EXISTS=strerror_r   -o CMakeFiles/cmTC_062ba.dir/CheckFunctionExists.c.o   -c /usr/share/cmake-3.5/Modules/CheckFunctionExists.c
Linking C executable cmTC_062ba
/usr/bin/cmake -E cmake_link_script CMakeFiles/cmTC_062ba.dir/link.txt --verbose=1
/usr/bin/cc   -DCHECK_FUNCTION_EXISTS=strerror_r    CMakeFiles/cmTC_062ba.dir/CheckFunctionExists.c.o  -o cmTC_062ba -rdynamic 
make[1] : on quitte le répertoire « /home/tfrignac/git/openHEVC/build/CMakeFiles/CMakeTmp »


Determining if the function sysconf exists passed with the following output:
Change Dir: /home/tfrignac/git/openHEVC/build/CMakeFiles/CMakeTmp

Run Build Command:"/usr/bin/make" "cmTC_b19c6/fast"
/usr/bin/make -f CMakeFiles/cmTC_b19c6.dir/build.make CMakeFiles/cmTC_b19c6.dir/build
make[1] : on entre dans le répertoire « /home/tfrignac/git/openHEVC/build/CMakeFiles/CMakeTmp »
Building C object CMakeFiles/cmTC_b19c6.dir/CheckFunctionExists.c.o
/usr/bin/cc    -DCHECK_FUNCTION_EXISTS=sysconf   -o CMakeFiles/cmTC_b19c6.dir/CheckFunctionExists.c.o   -c /usr/share/cmake-3.5/Modules/CheckFunctionExists.c
Linking C executable cmTC_b19c6
/usr/bin/cmake -E cmake_link_script CMakeFiles/cmTC_b19c6.dir/link.txt --verbose=1
/usr/bin/cc   -DCHECK_FUNCTION_EXISTS=sysconf    CMakeFiles/cmTC_b19c6.dir/CheckFunctionExists.c.o  -o cmTC_b19c6 -rdynamic 
make[1] : on quitte le répertoire « /home/tfrignac/git/openHEVC/build/CMakeFiles/CMakeTmp »


Determining if the function usleep exists passed with the following output:
Change Dir: /home/tfrignac/git/openHEVC/build/CMakeFiles/CMakeTmp

Run Build Command:"/usr/bin/make" "cmTC_582e6/fast"
/usr/bin/make -f CMakeFiles/cmTC_582e6.dir/build.make CMakeFiles/cmTC_582e6.dir/build
make[1] : on entre dans le répertoire « /home/tfrignac/git/openHEVC/build/CMakeFiles/CMakeTmp »
Building C object CMakeFiles/cmTC_582e6.dir/CheckFunctionExists.c.o
/usr/bin/cc    -DCHECK_FUNCTION_EXISTS=usleep   -o CMakeFiles/cmTC_582e6.dir/CheckFunctionExists.c.o   -c /usr/share/cmake-3.5/Modules/CheckFunctionExists.c
Linking C executable cmTC_582e6
/usr/bin/cmake -E cmake_link_script CMakeFiles/cmTC_582e6.dir/link.txt --verbose=1
/usr/bin/cc   -DCHECK_FUNCTION_EXISTS=usleep    CMakeFiles/cmTC_582e6.dir/CheckFunctionExists.c.o  -o cmTC_582e6 -rdynamic 
make[1] : on quitte le répertoire « /home/tfrignac/git/openHEVC/build/CMakeFiles/CMakeTmp »


Determining if the function localtime_r exists passed with the following output:
Change Dir: /home/tfrignac/git/openHEVC/build/CMakeFiles/CMakeTmp

Run Build Command:"/usr/bin/make" "cmTC_50328/fast"
/usr/bin/make -f CMakeFiles/cmTC_50328.dir/build.make CMakeFiles/cmTC_50328.dir/build
make[1] : on entre dans le répertoire « /home/tfrignac/git/openHEVC/build/CMakeFiles/CMakeTmp »
Building C object CMakeFiles/cmTC_50328.dir/CheckFunctionExists.c.o
/usr/bin/cc    -DCHECK_FUNCTION_EXISTS=localtime_r   -o CMakeFiles/cmTC_50328.dir/CheckFunctionExists.c.o   -c /usr/share/cmake-3.5/Modules/CheckFunctionExists.c
Linking C executable cmTC_50328
/usr/bin/cmake -E cmake_link_script CMakeFiles/cmTC_50328.dir/link.txt --verbose=1
/usr/bin/cc   -DCHECK_FUNCTION_EXISTS=localtime_r    CMakeFiles/cmTC_50328.dir/CheckFunctionExists.c.o  -o cmTC_50328 -rdynamic 
make[1] : on quitte le répertoire « /home/tfrignac/git/openHEVC/build/CMakeFiles/CMakeTmp »


Determining if the function gmtime_r exists passed with the following output:
Change Dir: /home/tfrignac/git/openHEVC/build/CMakeFiles/CMakeTmp

Run Build Command:"/usr/bin/make" "cmTC_cf1d6/fast"
/usr/bin/make -f CMakeFiles/cmTC_cf1d6.dir/build.make CMakeFiles/cmTC_cf1d6.dir/build
make[1] : on entre dans le répertoire « /home/tfrignac/git/openHEVC/build/CMakeFiles/CMakeTmp »
Building C object CMakeFiles/cmTC_cf1d6.dir/CheckFunctionExists.c.o
/usr/bin/cc    -DCHECK_FUNCTION_EXISTS=gmtime_r   -o CMakeFiles/cmTC_cf1d6.dir/CheckFunctionExists.c.o   -c /usr/share/cmake-3.5/Modules/CheckFunctionExists.c
Linking C executable cmTC_cf1d6
/usr/bin/cmake -E cmake_link_script CMakeFiles/cmTC_cf1d6.dir/link.txt --verbose=1
/usr/bin/cc   -DCHECK_FUNCTION_EXISTS=gmtime_r    CMakeFiles/cmTC_cf1d6.dir/CheckFunctionExists.c.o  -o cmTC_cf1d6 -rdynamic 
make[1] : on quitte le répertoire « /home/tfrignac/git/openHEVC/build/CMakeFiles/CMakeTmp »


Determining if files fcntl.h exist passed with the following output:
Change Dir: /home/tfrignac/git/openHEVC/build/CMakeFiles/CMakeTmp

Run Build Command:"/usr/bin/make" "cmTC_cedc3/fast"
/usr/bin/make -f CMakeFiles/cmTC_cedc3.dir/build.make CMakeFiles/cmTC_cedc3.dir/build
make[1] : on entre dans le répertoire « /home/tfrignac/git/openHEVC/build/CMakeFiles/CMakeTmp »
Building C object CMakeFiles/cmTC_cedc3.dir/CheckIncludeFiles.c.o
/usr/bin/cc     -o CMakeFiles/cmTC_cedc3.dir/CheckIncludeFiles.c.o   -c /home/tfrignac/git/openHEVC/build/CMakeFiles/CMakeTmp/CheckIncludeFiles.c
Linking C executable cmTC_cedc3
/usr/bin/cmake -E cmake_link_script CMakeFiles/cmTC_cedc3.dir/link.txt --verbose=1
/usr/bin/cc       CMakeFiles/cmTC_cedc3.dir/CheckIncludeFiles.c.o  -o cmTC_cedc3 -rdynamic 
make[1] : on quitte le répertoire « /home/tfrignac/git/openHEVC/build/CMakeFiles/CMakeTmp »


Determining if files pthread.h exist passed with the following output:
Change Dir: /home/tfrignac/git/openHEVC/build/CMakeFiles/CMakeTmp

Run Build Command:"/usr/bin/make" "cmTC_d14f6/fast"
/usr/bin/make -f CMakeFiles/cmTC_d14f6.dir/build.make CMakeFiles/cmTC_d14f6.dir/build
make[1] : on entre dans le répertoire « /home/tfrignac/git/openHEVC/build/CMakeFiles/CMakeTmp »
Building C object CMakeFiles/cmTC_d14f6.dir/CheckIncludeFiles.c.o
/usr/bin/cc     -o CMakeFiles/cmTC_d14f6.dir/CheckIncludeFiles.c.o   -c /home/tfrignac/git/openHEVC/build/CMakeFiles/CMakeTmp/CheckIncludeFiles.c
Linking C executable cmTC_d14f6
/usr/bin/cmake -E cmake_link_script CMakeFiles/cmTC_d14f6.dir/link.txt --verbose=1
/usr/bin/cc       CMakeFiles/cmTC_d14f6.dir/CheckIncludeFiles.c.o  -o cmTC_d14f6 -rdynamic 
make[1] : on quitte le répertoire « /home/tfrignac/git/openHEVC/build/CMakeFiles/CMakeTmp »


Determining if files unistd.h exist passed with the following output:
Change Dir: /home/tfrignac/git/openHEVC/build/CMakeFiles/CMakeTmp

Run Build Command:"/usr/bin/make" "cmTC_e1c59/fast"
/usr/bin/make -f CMakeFiles/cmTC_e1c59.dir/build.make CMakeFiles/cmTC_e1c59.dir/build
make[1] : on entre dans le répertoire « /home/tfrignac/git/openHEVC/build/CMakeFiles/CMakeTmp »
Building C object CMakeFiles/cmTC_e1c59.dir/CheckIncludeFiles.c.o
/usr/bin/cc     -o CMakeFiles/cmTC_e1c59.dir/CheckIncludeFiles.c.o   -c /home/tfrignac/git/openHEVC/build/CMakeFiles/CMakeTmp/CheckIncludeFiles.c
Linking C executable cmTC_e1c59
/usr/bin/cmake -E cmake_link_script CMakeFiles/cmTC_e1c59.dir/link.txt --verbose=1
/usr/bin/cc       CMakeFiles/cmTC_e1c59.dir/CheckIncludeFiles.c.o  -o cmTC_e1c59 -rdynamic 
make[1] : on quitte le répertoire « /home/tfrignac/git/openHEVC/build/CMakeFiles/CMakeTmp »


Performing C SOURCE FILE Test check_c_compiler_flag__fpic succeeded with the following output:
Change Dir: /home/tfrignac/git/openHEVC/build/CMakeFiles/CMakeTmp

Run Build Command:"/usr/bin/make" "cmTC_a1eb8/fast"
/usr/bin/make -f CMakeFiles/cmTC_a1eb8.dir/build.make CMakeFiles/cmTC_a1eb8.dir/build
make[1] : on entre dans le répertoire « /home/tfrignac/git/openHEVC/build/CMakeFiles/CMakeTmp »
Building C object CMakeFiles/cmTC_a1eb8.dir/src.c.o
/usr/bin/cc    -Wl,-Bsymbolic -Dcheck_c_compiler_flag__fpic   -fpic -o CMakeFiles/cmTC_a1eb8.dir/src.c.o   -c /home/tfrignac/git/openHEVC/build/CMakeFiles/CMakeTmp/src.c
Linking C executable cmTC_a1eb8
/usr/bin/cmake -E cmake_link_script CMakeFiles/cmTC_a1eb8.dir/link.txt --verbose=1
/usr/bin/cc   -Wl,-Bsymbolic -Dcheck_c_compiler_flag__fpic    CMakeFiles/cmTC_a1eb8.dir/src.c.o  -o cmTC_a1eb8 -rdynamic 
make[1] : on quitte le répertoire « /home/tfrignac/git/openHEVC/build/CMakeFiles/CMakeTmp »

Source file was:
int main() { return 0; }
Performing C SOURCE FILE Test check_c_compiler_flag__fno_tree_vectorize succeeded with the following output:
Change Dir: /home/tfrignac/git/openHEVC/build/CMakeFiles/CMakeTmp

Run Build Command:"/usr/bin/make" "cmTC_6e6fa/fast"
/usr/bin/make -f CMakeFiles/cmTC_6e6fa.dir/build.make CMakeFiles/cmTC_6e6fa.dir/build
make[1] : on entre dans le répertoire « /home/tfrignac/git/openHEVC/build/CMakeFiles/CMakeTmp »
Building C object CMakeFiles/cmTC_6e6fa.dir/src.c.o
/usr/bin/cc    -Wl,-Bsymbolic -Dcheck_c_compiler_flag__fno_tree_vectorize   -fno-tree-vectorize -o CMakeFiles/cmTC_6e6fa.dir/src.c.o   -c /home/tfrignac/git/openHEVC/build/CMakeFiles/CMakeTmp/src.c
Linking C executable cmTC_6e6fa
/usr/bin/cmake -E cmake_link_script CMakeFiles/cmTC_6e6fa.dir/link.txt --verbose=1
/usr/bin/cc   -Wl,-Bsymbolic -Dcheck_c_compiler_flag__fno_tree_vectorize    CMakeFiles/cmTC_6e6fa.dir/src.c.o  -o cmTC_6e6fa -rdynamic 
make[1] : on quitte le répertoire « /home/tfrignac/git/openHEVC/build/CMakeFiles/CMakeTmp »

Source file was:
int main() { return 0; }
Determining if the include file pthread.h exists passed with the following output:
Change Dir: /home/tfrignac/git/openHEVC/build/CMakeFiles/CMakeTmp

Run Build Command:"/usr/bin/make" "cmTC_2f6f0/fast"
/usr/bin/make -f CMakeFiles/cmTC_2f6f0.dir/build.make CMakeFiles/cmTC_2f6f0.dir/build
make[1] : on entre dans le répertoire « /home/tfrignac/git/openHEVC/build/CMakeFiles/CMakeTmp »
Building C object CMakeFiles/cmTC_2f6f0.dir/CheckIncludeFile.c.o
/usr/bin/cc    -Wl,-Bsymbolic -march=sandybridge -msse2 -msse2 -msse3 -msse3 -mssse3 -mssse3 -msse4.1 -msse4.1 -msse4.2 -msse4.2 -mavx -mavx -msse2avx -msse2avx -mno-sse4a -mno-xop -mno-fma4 -mno-avx2 -fpic -fno-tree-vectorize    -o CMakeFiles/cmTC_2f6f0.dir/CheckIncludeFile.c.o   -c /home/tfrignac/git/openHEVC/build/CMakeFiles/CMakeTmp/CheckIncludeFile.c
Linking C executable cmTC_2f6f0
/usr/bin/cmake -E cmake_link_script CMakeFiles/cmTC_2f6f0.dir/link.txt --verbose=1
/usr/bin/cc   -Wl,-Bsymbolic -march=sandybridge -msse2 -msse2 -msse3 -msse3 -mssse3 -mssse3 -msse4.1 -msse4.1 -msse4.2 -msse4.2 -mavx -mavx -msse2avx -msse2avx -mno-sse4a -mno-xop -mno-fma4 -mno-avx2 -fpic -fno-tree-vectorize     CMakeFiles/cmTC_2f6f0.dir/CheckIncludeFile.c.o  -o cmTC_2f6f0 -rdynamic 
make[1] : on quitte le répertoire « /home/tfrignac/git/openHEVC/build/CMakeFiles/CMakeTmp »


Determining if the function pthread_create exists in the pthread passed with the following output:
Change Dir: /home/tfrignac/git/openHEVC/build/CMakeFiles/CMakeTmp

Run Build Command:"/usr/bin/make" "cmTC_8556d/fast"
/usr/bin/make -f CMakeFiles/cmTC_8556d.dir/build.make CMakeFiles/cmTC_8556d.dir/build
make[1] : on entre dans le répertoire « /home/tfrignac/git/openHEVC/build/CMakeFiles/CMakeTmp »
Building C object CMakeFiles/cmTC_8556d.dir/CheckFunctionExists.c.o
/usr/bin/cc    -Wl,-Bsymbolic -march=sandybridge -msse2 -msse2 -msse3 -msse3 -mssse3 -mssse3 -msse4.1 -msse4.1 -msse4.2 -msse4.2 -mavx -mavx -msse2avx -msse2avx -mno-sse4a -mno-xop -mno-fma4 -mno-avx2 -fpic -fno-tree-vectorize -DCHECK_FUNCTION_EXISTS=pthread_create   -o CMakeFiles/cmTC_8556d.dir/CheckFunctionExists.c.o   -c /usr/share/cmake-3.5/Modules/CheckFunctionExists.c
Linking C executable cmTC_8556d
/usr/bin/cmake -E cmake_link_script CMakeFiles/cmTC_8556d.dir/link.txt --verbose=1
/usr/bin/cc   -Wl,-Bsymbolic -march=sandybridge -msse2 -msse2 -msse3 -msse3 -mssse3 -mssse3 -msse4.1 -msse4.1 -msse4.2 -msse4.2 -mavx -mavx -msse2avx -msse2avx -mno-sse4a -mno-xop -mno-fma4 -mno-avx2 -fpic -fno-tree-vectorize -DCHECK_FUNCTION_EXISTS=pthread_create    CMakeFiles/cmTC_8556d.dir/CheckFunctionExists.c.o  -o cmTC_8556d -rdynamic -lpthread 
make[1] : on quitte le répertoire « /home/tfrignac/git/openHEVC/build/CMakeFiles/CMakeTmp »


Performing C SOURCE FILE Test check_c_compiler_flag__Wl,_Bsymbolic succeeded with the following output:
Change Dir: /home/tfrignac/git/openHEVC/build/CMakeFiles/CMakeTmp

Run Build Command:"/usr/bin/make" "cmTC_04132/fast"
make[1] : on entre dans le répertoire « /home/tfrignac/git/openHEVC/build/CMakeFiles/CMakeTmp »
/usr/bin/make -f CMakeFiles/cmTC_04132.dir/build.make CMakeFiles/cmTC_04132.dir/build
make[2] : on entre dans le répertoire « /home/tfrignac/git/openHEVC/build/CMakeFiles/CMakeTmp »
Building C object CMakeFiles/cmTC_04132.dir/src.c.o
/usr/bin/cc    -Wl,-Bsymbolic -fdiagnostics-color -march=sandybridge -msse2 -msse2 -msse3 -msse3 -mssse3 -mssse3 -msse4.1 -msse4.1 -msse4.2 -msse4.2 -mavx -mavx -msse2avx -msse2avx -mno-sse4a -mno-xop -mno-fma4 -mno-avx2 -fpic -fno-tree-vectorize -Dcheck_c_compiler_flag__Wl,_Bsymbolic   -Wl,-Bsymbolic -o CMakeFiles/cmTC_04132.dir/src.c.o   -c /home/tfrignac/git/openHEVC/build/CMakeFiles/CMakeTmp/src.c
[01m[K<command-line>:0:26:[m[K [01;35m[Kwarning: [m[KISO C99 requires whitespace after the macro name
Linking C executable cmTC_04132
/usr/bin/cmake -E cmake_link_script CMakeFiles/cmTC_04132.dir/link.txt --verbose=1
/usr/bin/cc   -Wl,-Bsymbolic -fdiagnostics-color -march=sandybridge -msse2 -msse2 -msse3 -msse3 -mssse3 -mssse3 -msse4.1 -msse4.1 -msse4.2 -msse4.2 -mavx -mavx -msse2avx -msse2avx -mno-sse4a -mno-xop -mno-fma4 -mno-avx2 -fpic -fno-tree-vectorize -Dcheck_c_compiler_flag__Wl,_Bsymbolic    CMakeFiles/cmTC_04132.dir/src.c.o  -o cmTC_04132 -rdynamic 
make[2] : on quitte le répertoire « /home/tfrignac/git/openHEVC/build/CMakeFiles/CMakeTmp »
make[1] : on quitte le répertoire « /home/tfrignac/git/openHEVC/build/CMakeFiles/CMakeTmp »

Source file was:
int main() { return 0; }
Performing C++ SOURCE FILE Test check_cxx_compiler_flag__Wl,_Bsymbolic succeeded with the following output:
Change Dir: /home/tfrignac/git/openHEVC/build/CMakeFiles/CMakeTmp

Run Build Command:"/usr/bin/make" "cmTC_b3a40/fast"
make[1] : on entre dans le répertoire « /home/tfrignac/git/openHEVC/build/CMakeFiles/CMakeTmp »
/usr/bin/make -f CMakeFiles/cmTC_b3a40.dir/build.make CMakeFiles/cmTC_b3a40.dir/build
make[2] : on entre dans le répertoire « /home/tfrignac/git/openHEVC/build/CMakeFiles/CMakeTmp »
Building CXX object CMakeFiles/cmTC_b3a40.dir/src.cxx.o
/usr/bin/c++     -Dcheck_cxx_compiler_flag__Wl,_Bsymbolic   -Wl,-Bsymbolic -o CMakeFiles/cmTC_b3a40.dir/src.cxx.o -c /home/tfrignac/git/openHEVC/build/CMakeFiles/CMakeTmp/src.cxx
<command-line>:0:28: warning: missing whitespace after the macro name
Linking CXX executable cmTC_b3a40
/usr/bin/cmake -E cmake_link_script CMakeFiles/cmTC_b3a40.dir/link.txt --verbose=1
/usr/bin/c++    -Dcheck_cxx_compiler_flag__Wl,_Bsymbolic    CMakeFiles/cmTC_b3a40.dir/src.cxx.o  -o cmTC_b3a40 -rdynamic 
make[2] : on quitte le répertoire « /home/tfrignac/git/openHEVC/build/CMakeFiles/CMakeTmp »
make[1] : on quitte le répertoire « /home/tfrignac/git/openHEVC/build/CMakeFiles/CMakeTmp »

Source file was:
int main() { return 0; }
